Started GET "/" for 127.0.0.1 at 2018-03-21 16:59:36 -0500
Processing by Rails::WelcomeController#index as HTML
  Rendering /var/lib/gems/2.3.0/gems/railties-5.1.5/lib/rails/templates/rails/welcome/index.html.erb
  Rendered /var/lib/gems/2.3.0/gems/railties-5.1.5/lib/rails/templates/rails/welcome/index.html.erb (6.1ms)
Completed 200 OK in 248ms (Views: 11.1ms)


Started GET "/overflow/index" for 127.0.0.1 at 2018-03-21 16:59:44 -0500
Processing by OverflowController#index as HTML
  Rendering overflow/index.html.erb within layouts/application
  Rendered overflow/index.html.erb within layouts/application (0.6ms)
Completed 500 Internal Server Error in 252ms


  
ActionView::Template::Error (File to import not found or unreadable: bootstrap-sproked.
Load paths:
  /home/carlos/Documentos/MAKE IT REAL/Plataforma/Rails/Proyecto/Overflow/app/assets/config
  /home/carlos/Documentos/MAKE IT REAL/Plataforma/Rails/Proyecto/Overflow/app/assets/images
  /home/carlos/Documentos/MAKE IT REAL/Plataforma/Rails/Proyecto/Overflow/app/assets/javascripts
  /home/carlos/Documentos/MAKE IT REAL/Plataforma/Rails/Proyecto/Overflow/app/assets/stylesheets
  /var/lib/gems/2.3.0/gems/coffee-rails-4.2.2/lib/assets/javascripts
  /var/lib/gems/2.3.0/gems/actioncable-5.1.5/lib/assets/compiled
  /var/lib/gems/2.3.0/gems/actionview-5.1.5/lib/assets/compiled
  /var/lib/gems/2.3.0/gems/turbolinks-source-5.1.0/lib/assets/javascripts
  /home/carlos/Documentos/MAKE IT REAL/Plataforma/Rails/Proyecto/Overflow/node_modules):
    4:     <title>Overflow</title>
    5:     <%= csrf_meta_tags %>
    6: 
    7:     <%= stylesheet_link_tag    'application', media: 'all', 'data-turbolinks-track': 'reload' %>
    8:     <%= javascript_include_tag 'application', 'data-turbolinks-track': 'reload' %>
    9:   </head>
   10: 
  
app/assets/stylesheets/application.css.sass:1
app/views/layouts/application.html.erb:7:in `_app_views_layouts_application_html_erb__2950867620337675997_30627360'
Started GET "/overflow/index" for 127.0.0.1 at 2018-03-21 17:01:17 -0500
Processing by OverflowController#index as HTML
  Rendering overflow/index.html.erb within layouts/application
  Rendered overflow/index.html.erb within layouts/application (1.4ms)
Completed 500 Internal Server Error in 431ms


  
ActionView::Template::Error (File to import not found or unreadable: bootstrap-sproked.
Load paths:
  /home/carlos/Documentos/MAKE IT REAL/Plataforma/Rails/Proyecto/Overflow/app/assets/config
  /home/carlos/Documentos/MAKE IT REAL/Plataforma/Rails/Proyecto/Overflow/app/assets/images
  /home/carlos/Documentos/MAKE IT REAL/Plataforma/Rails/Proyecto/Overflow/app/assets/javascripts
  /home/carlos/Documentos/MAKE IT REAL/Plataforma/Rails/Proyecto/Overflow/app/assets/stylesheets
  /var/lib/gems/2.3.0/gems/coffee-rails-4.2.2/lib/assets/javascripts
  /var/lib/gems/2.3.0/gems/actioncable-5.1.5/lib/assets/compiled
  /var/lib/gems/2.3.0/gems/actionview-5.1.5/lib/assets/compiled
  /var/lib/gems/2.3.0/gems/turbolinks-source-5.1.0/lib/assets/javascripts
  /home/carlos/Documentos/MAKE IT REAL/Plataforma/Rails/Proyecto/Overflow/node_modules):
    4:     <title>Overflow</title>
    5:     <%= csrf_meta_tags %>
    6: 
    7:     <%= stylesheet_link_tag    'application', media: 'all', 'data-turbolinks-track': 'reload' %>
    8:     <%= javascript_include_tag 'application', 'data-turbolinks-track': 'reload' %>
    9:   </head>
   10: 
  
app/assets/stylesheets/application.css.sass:19
app/views/layouts/application.html.erb:7:in `_app_views_layouts_application_html_erb__1920118965564186473_18551980'
Started GET "/" for 127.0.0.1 at 2018-03-21 17:04:36 -0500
Processing by OverflowController#index as HTML
  Rendering overflow/index.html.erb within layouts/application
  Rendered overflow/index.html.erb within layouts/application (2.4ms)
Completed 500 Internal Server Error in 436ms


  
ActionView::Template::Error (File to import not found or unreadable: bootstrap-sproked.
Load paths:
  /home/carlos/Documentos/MAKE IT REAL/Plataforma/Rails/Proyecto/Overflow/app/assets/config
  /home/carlos/Documentos/MAKE IT REAL/Plataforma/Rails/Proyecto/Overflow/app/assets/images
  /home/carlos/Documentos/MAKE IT REAL/Plataforma/Rails/Proyecto/Overflow/app/assets/javascripts
  /home/carlos/Documentos/MAKE IT REAL/Plataforma/Rails/Proyecto/Overflow/app/assets/stylesheets
  /var/lib/gems/2.3.0/gems/coffee-rails-4.2.2/lib/assets/javascripts
  /var/lib/gems/2.3.0/gems/actioncable-5.1.5/lib/assets/compiled
  /var/lib/gems/2.3.0/gems/actionview-5.1.5/lib/assets/compiled
  /var/lib/gems/2.3.0/gems/turbolinks-source-5.1.0/lib/assets/javascripts
  /home/carlos/Documentos/MAKE IT REAL/Plataforma/Rails/Proyecto/Overflow/node_modules):
    4:     <title>Overflow</title>
    5:     <%= csrf_meta_tags %>
    6: 
    7:     <%= stylesheet_link_tag    'application', media: 'all', 'data-turbolinks-track': 'reload' %>
    8:     <%= javascript_include_tag 'application', 'data-turbolinks-track': 'reload' %>
    9:   </head>
   10: 
  
app/assets/stylesheets/application.css.sass:19
app/views/layouts/application.html.erb:7:in `_app_views_layouts_application_html_erb___3245517748385429106_11930580'
Started GET "/" for 127.0.0.1 at 2018-03-21 17:06:07 -0500
Processing by OverflowController#index as HTML
  Rendering overflow/index.html.erb within layouts/application
  Rendered overflow/index.html.erb within layouts/application (2.2ms)
Completed 500 Internal Server Error in 433ms


  
ActionView::Template::Error (File to import not found or unreadable: bootstrap-sproked.
Load paths:
  /home/carlos/Documentos/MAKE IT REAL/Plataforma/Rails/Proyecto/Overflow/app/assets/config
  /home/carlos/Documentos/MAKE IT REAL/Plataforma/Rails/Proyecto/Overflow/app/assets/images
  /home/carlos/Documentos/MAKE IT REAL/Plataforma/Rails/Proyecto/Overflow/app/assets/javascripts
  /home/carlos/Documentos/MAKE IT REAL/Plataforma/Rails/Proyecto/Overflow/app/assets/stylesheets
  /var/lib/gems/2.3.0/gems/coffee-rails-4.2.2/lib/assets/javascripts
  /var/lib/gems/2.3.0/gems/actioncable-5.1.5/lib/assets/compiled
  /var/lib/gems/2.3.0/gems/actionview-5.1.5/lib/assets/compiled
  /var/lib/gems/2.3.0/gems/turbolinks-source-5.1.0/lib/assets/javascripts
  /home/carlos/Documentos/MAKE IT REAL/Plataforma/Rails/Proyecto/Overflow/node_modules):
    4:     <title>Overflow</title>
    5:     <%= csrf_meta_tags %>
    6: 
    7:     <%= stylesheet_link_tag    'application', media: 'all', 'data-turbolinks-track': 'reload' %>
    8:     <%= javascript_include_tag 'application', 'data-turbolinks-track': 'reload' %>
    9:   </head>
   10: 
  
app/assets/stylesheets/application.css.sass:19
app/views/layouts/application.html.erb:7:in `_app_views_layouts_application_html_erb__4450670900566761004_19702200'
Started GET "/" for 127.0.0.1 at 2018-03-21 17:06:12 -0500
Processing by OverflowController#index as HTML
  Rendering overflow/index.html.erb within layouts/application
  Rendered overflow/index.html.erb within layouts/application (0.7ms)
Completed 500 Internal Server Error in 30ms


  
ActionView::Template::Error (File to import not found or unreadable: bootstrap-sproked.
Load paths:
  /home/carlos/Documentos/MAKE IT REAL/Plataforma/Rails/Proyecto/Overflow/app/assets/config
  /home/carlos/Documentos/MAKE IT REAL/Plataforma/Rails/Proyecto/Overflow/app/assets/images
  /home/carlos/Documentos/MAKE IT REAL/Plataforma/Rails/Proyecto/Overflow/app/assets/javascripts
  /home/carlos/Documentos/MAKE IT REAL/Plataforma/Rails/Proyecto/Overflow/app/assets/stylesheets
  /var/lib/gems/2.3.0/gems/coffee-rails-4.2.2/lib/assets/javascripts
  /var/lib/gems/2.3.0/gems/actioncable-5.1.5/lib/assets/compiled
  /var/lib/gems/2.3.0/gems/actionview-5.1.5/lib/assets/compiled
  /var/lib/gems/2.3.0/gems/turbolinks-source-5.1.0/lib/assets/javascripts
  /home/carlos/Documentos/MAKE IT REAL/Plataforma/Rails/Proyecto/Overflow/node_modules):
    4:     <title>Overflow</title>
    5:     <%= csrf_meta_tags %>
    6: 
    7:     <%= stylesheet_link_tag    'application', media: 'all', 'data-turbolinks-track': 'reload' %>
    8:     <%= javascript_include_tag 'application', 'data-turbolinks-track': 'reload' %>
    9:   </head>
   10: 
  
app/assets/stylesheets/application.css.sass:19
app/views/layouts/application.html.erb:7:in `_app_views_layouts_application_html_erb__4450670900566761004_70334368409920'
Started GET "/" for 127.0.0.1 at 2018-03-21 17:06:46 -0500
Processing by OverflowController#index as HTML
  Rendering overflow/index.html.erb within layouts/application
  Rendered overflow/index.html.erb within layouts/application (1.4ms)
Completed 500 Internal Server Error in 431ms


  
ActionView::Template::Error (File to import not found or unreadable: bootstrap.
Load paths:
  /home/carlos/Documentos/MAKE IT REAL/Plataforma/Rails/Proyecto/Overflow/app/assets/config
  /home/carlos/Documentos/MAKE IT REAL/Plataforma/Rails/Proyecto/Overflow/app/assets/images
  /home/carlos/Documentos/MAKE IT REAL/Plataforma/Rails/Proyecto/Overflow/app/assets/javascripts
  /home/carlos/Documentos/MAKE IT REAL/Plataforma/Rails/Proyecto/Overflow/app/assets/stylesheets
  /var/lib/gems/2.3.0/gems/coffee-rails-4.2.2/lib/assets/javascripts
  /var/lib/gems/2.3.0/gems/actioncable-5.1.5/lib/assets/compiled
  /var/lib/gems/2.3.0/gems/actionview-5.1.5/lib/assets/compiled
  /var/lib/gems/2.3.0/gems/turbolinks-source-5.1.0/lib/assets/javascripts
  /home/carlos/Documentos/MAKE IT REAL/Plataforma/Rails/Proyecto/Overflow/node_modules):
    4:     <title>Overflow</title>
    5:     <%= csrf_meta_tags %>
    6: 
    7:     <%= stylesheet_link_tag    'application', media: 'all', 'data-turbolinks-track': 'reload' %>
    8:     <%= javascript_include_tag 'application', 'data-turbolinks-track': 'reload' %>
    9:   </head>
   10: 
  
app/assets/stylesheets/application.css.sass:20
app/views/layouts/application.html.erb:7:in `_app_views_layouts_application_html_erb___2552236913073465811_18047580'
Started GET "/" for 127.0.0.1 at 2018-03-21 17:07:04 -0500
Processing by OverflowController#index as HTML
  Rendering overflow/index.html.erb within layouts/application
  Rendered overflow/index.html.erb within layouts/application (2.0ms)
Completed 500 Internal Server Error in 442ms


  
ActionView::Template::Error (couldn't find file 'bootstrap-sprockets' with type 'application/javascript'
Checked in these paths: 
  /home/carlos/Documentos/MAKE IT REAL/Plataforma/Rails/Proyecto/Overflow/app/assets/config
  /home/carlos/Documentos/MAKE IT REAL/Plataforma/Rails/Proyecto/Overflow/app/assets/images
  /home/carlos/Documentos/MAKE IT REAL/Plataforma/Rails/Proyecto/Overflow/app/assets/javascripts
  /home/carlos/Documentos/MAKE IT REAL/Plataforma/Rails/Proyecto/Overflow/app/assets/stylesheets
  /var/lib/gems/2.3.0/gems/coffee-rails-4.2.2/lib/assets/javascripts
  /var/lib/gems/2.3.0/gems/actioncable-5.1.5/lib/assets/compiled
  /var/lib/gems/2.3.0/gems/actionview-5.1.5/lib/assets/compiled
  /var/lib/gems/2.3.0/gems/turbolinks-source-5.1.0/lib/assets/javascripts
  /home/carlos/Documentos/MAKE IT REAL/Plataforma/Rails/Proyecto/Overflow/node_modules):
    4:     <title>Overflow</title>
    5:     <%= csrf_meta_tags %>
    6: 
    7:     <%= stylesheet_link_tag    'application', media: 'all', 'data-turbolinks-track': 'reload' %>
    8:     <%= javascript_include_tag 'application', 'data-turbolinks-track': 'reload' %>
    9:   </head>
   10: 
  
app/assets/javascripts/application.js:16
app/views/layouts/application.html.erb:7:in `_app_views_layouts_application_html_erb__2636279581404936181_22598260'
Started GET "/" for 127.0.0.1 at 2018-03-21 17:07:35 -0500
Processing by OverflowController#index as HTML
  Rendering overflow/index.html.erb within layouts/application
  Rendered overflow/index.html.erb within layouts/application (1.4ms)
Completed 200 OK in 852ms (Views: 667.4ms)


Started GET "/" for 127.0.0.1 at 2018-03-21 17:12:55 -0500
Processing by OverflowController#index as HTML
  Rendering overflow/index.html.erb within layouts/application
  Rendered overflow/index.html.erb within layouts/application (1.8ms)
Completed 500 Internal Server Error in 454ms


  
ActionView::Template::Error (File to import not found or unreadable: bootstrap-sprockets.
Load paths:
  /home/carlos/Documentos/MAKE IT REAL/Plataforma/Rails/Proyecto/Overflow/app/assets/config
  /home/carlos/Documentos/MAKE IT REAL/Plataforma/Rails/Proyecto/Overflow/app/assets/images
  /home/carlos/Documentos/MAKE IT REAL/Plataforma/Rails/Proyecto/Overflow/app/assets/javascripts
  /home/carlos/Documentos/MAKE IT REAL/Plataforma/Rails/Proyecto/Overflow/app/assets/stylesheets
  /var/lib/gems/2.3.0/gems/coffee-rails-4.2.2/lib/assets/javascripts
  /var/lib/gems/2.3.0/gems/actioncable-5.1.5/lib/assets/compiled
  /var/lib/gems/2.3.0/gems/actionview-5.1.5/lib/assets/compiled
  /var/lib/gems/2.3.0/gems/turbolinks-source-5.1.0/lib/assets/javascripts
  /home/carlos/Documentos/MAKE IT REAL/Plataforma/Rails/Proyecto/Overflow/node_modules):
    4:     <title>Overflow</title>
    5:     <%= csrf_meta_tags %>
    6: 
    7:     <%= stylesheet_link_tag    'application', media: 'all', 'data-turbolinks-track': 'reload' %>
    8:     <%= javascript_include_tag 'application', 'data-turbolinks-track': 'reload' %>
    9:   </head>
   10: 
  
app/assets/stylesheets/application.css.sass:18
app/views/layouts/application.html.erb:7:in `_app_views_layouts_application_html_erb___26912045030441338_24700180'
Started GET "/" for 127.0.0.1 at 2018-03-21 17:14:29 -0500
Processing by OverflowController#index as HTML
  Rendering overflow/index.html.erb within layouts/application
  Rendered overflow/index.html.erb within layouts/application (2.1ms)
Completed 500 Internal Server Error in 454ms


  
ActionView::Template::Error (File to import not found or unreadable: bootstrap-sprockets.
Load paths:
  /home/carlos/Documentos/MAKE IT REAL/Plataforma/Rails/Proyecto/Overflow/app/assets/config
  /home/carlos/Documentos/MAKE IT REAL/Plataforma/Rails/Proyecto/Overflow/app/assets/images
  /home/carlos/Documentos/MAKE IT REAL/Plataforma/Rails/Proyecto/Overflow/app/assets/javascripts
  /home/carlos/Documentos/MAKE IT REAL/Plataforma/Rails/Proyecto/Overflow/app/assets/stylesheets
  /var/lib/gems/2.3.0/gems/coffee-rails-4.2.2/lib/assets/javascripts
  /var/lib/gems/2.3.0/gems/actioncable-5.1.5/lib/assets/compiled
  /var/lib/gems/2.3.0/gems/actionview-5.1.5/lib/assets/compiled
  /var/lib/gems/2.3.0/gems/turbolinks-source-5.1.0/lib/assets/javascripts
  /home/carlos/Documentos/MAKE IT REAL/Plataforma/Rails/Proyecto/Overflow/node_modules):
    4:     <title>Overflow</title>
    5:     <%= csrf_meta_tags %>
    6: 
    7:     <%= stylesheet_link_tag    'application', media: 'all', 'data-turbolinks-track': 'reload' %>
    8:     <%= javascript_include_tag 'application', 'data-turbolinks-track': 'reload' %>
    9:   </head>
   10: 
  
app/assets/stylesheets/application.css.sass:18
app/views/layouts/application.html.erb:7:in `_app_views_layouts_application_html_erb___2875831509958895189_8696180'
Started GET "/" for 127.0.0.1 at 2018-03-21 17:16:09 -0500
Processing by OverflowController#index as HTML
  Rendering overflow/index.html.erb within layouts/application
  Rendered overflow/index.html.erb within layouts/application (1.4ms)
Completed 500 Internal Server Error in 432ms


  
ActionView::Template::Error (File to import not found or unreadable: bootstrap-sprockets.
Load paths:
  /home/carlos/Documentos/MAKE IT REAL/Plataforma/Rails/Proyecto/Overflow/app/assets/config
  /home/carlos/Documentos/MAKE IT REAL/Plataforma/Rails/Proyecto/Overflow/app/assets/images
  /home/carlos/Documentos/MAKE IT REAL/Plataforma/Rails/Proyecto/Overflow/app/assets/javascripts
  /home/carlos/Documentos/MAKE IT REAL/Plataforma/Rails/Proyecto/Overflow/app/assets/stylesheets
  /var/lib/gems/2.3.0/gems/coffee-rails-4.2.2/lib/assets/javascripts
  /var/lib/gems/2.3.0/gems/actioncable-5.1.5/lib/assets/compiled
  /var/lib/gems/2.3.0/gems/actionview-5.1.5/lib/assets/compiled
  /var/lib/gems/2.3.0/gems/turbolinks-source-5.1.0/lib/assets/javascripts
  /home/carlos/Documentos/MAKE IT REAL/Plataforma/Rails/Proyecto/Overflow/node_modules):
    4:     <title>Overflow</title>
    5:     <%= csrf_meta_tags %>
    6: 
    7:     <%= stylesheet_link_tag    'application', media: 'all', 'data-turbolinks-track': 'reload' %>
    8:     <%= javascript_include_tag 'application', 'data-turbolinks-track': 'reload' %>
    9:   </head>
   10: 
  
app/assets/stylesheets/application.css.sass:18
app/views/layouts/application.html.erb:7:in `_app_views_layouts_application_html_erb__3782834254465892360_17349760'
Started GET "/" for 127.0.0.1 at 2018-03-21 17:21:12 -0500
Processing by OverflowController#index as HTML
  Rendering overflow/index.html.erb within layouts/application
  Rendered overflow/index.html.erb within layouts/application (0.7ms)
Completed 500 Internal Server Error in 30ms


  
ActionView::Template::Error (File to import not found or unreadable: bootstrap-sprockets.
Load paths:
  /home/carlos/Documentos/MAKE IT REAL/Plataforma/Rails/Proyecto/Overflow/app/assets/config
  /home/carlos/Documentos/MAKE IT REAL/Plataforma/Rails/Proyecto/Overflow/app/assets/images
  /home/carlos/Documentos/MAKE IT REAL/Plataforma/Rails/Proyecto/Overflow/app/assets/javascripts
  /home/carlos/Documentos/MAKE IT REAL/Plataforma/Rails/Proyecto/Overflow/app/assets/stylesheets
  /var/lib/gems/2.3.0/gems/coffee-rails-4.2.2/lib/assets/javascripts
  /var/lib/gems/2.3.0/gems/actioncable-5.1.5/lib/assets/compiled
  /var/lib/gems/2.3.0/gems/actionview-5.1.5/lib/assets/compiled
  /var/lib/gems/2.3.0/gems/turbolinks-source-5.1.0/lib/assets/javascripts
  /home/carlos/Documentos/MAKE IT REAL/Plataforma/Rails/Proyecto/Overflow/node_modules):
    4:     <title>Overflow</title>
    5:     <%= csrf_meta_tags %>
    6: 
    7:     <%= stylesheet_link_tag    'application', media: 'all', 'data-turbolinks-track': 'reload' %>
    8:     <%= javascript_include_tag 'application', 'data-turbolinks-track': 'reload' %>
    9:   </head>
   10: 
  
app/assets/stylesheets/application.css.sass:18
app/views/layouts/application.html.erb:7:in `_app_views_layouts_application_html_erb__3782834254465892360_69994898091160'
Started GET "/" for 127.0.0.1 at 2018-03-21 18:35:06 -0500
Processing by OverflowController#index as HTML
  Rendering overflow/index.html.erb within layouts/application
  Rendered overflow/index.html.erb within layouts/application (2.0ms)
Completed 500 Internal Server Error in 449ms


  
ActionView::Template::Error (Invalid CSS after "...trap-sprockets"": expected selector or at-rule, was "@import "bootst..."):
    4:     <title>Overflow</title>
    5:     <%= csrf_meta_tags %>
    6: 
    7:     <%= stylesheet_link_tag    'application', media: 'all', 'data-turbolinks-track': 'reload' %>
    8:     <%= javascript_include_tag 'application', 'data-turbolinks-track': 'reload' %>
    9:   </head>
   10: 
  
app/assets/stylesheets/application.scss:19
app/views/layouts/application.html.erb:7:in `_app_views_layouts_application_html_erb__442682805203005631_21019920'
Started GET "/" for 127.0.0.1 at 2018-03-21 18:42:55 -0500
Processing by OverflowController#index as HTML
  Rendering overflow/index.html.erb within layouts/application
  Rendered overflow/index.html.erb within layouts/application (2.3ms)
Completed 200 OK in 6074ms (Views: 5890.2ms)


Started GET "/" for 127.0.0.1 at 2018-03-21 19:48:46 -0500
Processing by OverflowController#index as HTML
  Rendering overflow/index.html.erb within layouts/application
  Rendered overflow/index.html.erb within layouts/application (2.1ms)
Completed 200 OK in 521ms (Views: 345.1ms)


Started GET "/" for 127.0.0.1 at 2018-03-21 19:51:48 -0500
Processing by OverflowController#index as HTML
  Rendering overflow/index.html.erb within layouts/application
  Rendered overflow/index.html.erb within layouts/application (1.9ms)
Completed 200 OK in 557ms (Views: 358.0ms)


Started GET "/" for 127.0.0.1 at 2018-03-21 19:53:02 -0500
Processing by OverflowController#index as HTML
  Rendering overflow/index.html.erb within layouts/application
  Rendered overflow/index.html.erb within layouts/application (1.3ms)
Completed 200 OK in 544ms (Views: 361.8ms)


Started GET "/" for 127.0.0.1 at 2018-03-21 19:55:56 -0500
Processing by OverflowController#index as HTML
  Rendering overflow/index.html.erb within layouts/application
  Rendered overflow/index.html.erb within layouts/application (0.6ms)
Completed 200 OK in 67ms (Views: 65.4ms)


Started GET "/" for 127.0.0.1 at 2018-03-21 19:55:57 -0500
Processing by OverflowController#index as HTML
  Rendering overflow/index.html.erb within layouts/application
  Rendered overflow/index.html.erb within layouts/application (1.0ms)
Completed 200 OK in 69ms (Views: 67.0ms)


Started GET "/" for 127.0.0.1 at 2018-03-21 19:55:58 -0500
Processing by OverflowController#index as HTML
  Rendering overflow/index.html.erb within layouts/application
  Rendered overflow/index.html.erb within layouts/application (0.5ms)
Completed 200 OK in 95ms (Views: 92.9ms)


Started GET "/" for 127.0.0.1 at 2018-03-21 19:57:40 -0500
Processing by OverflowController#index as HTML
  Rendering overflow/index.html.erb within layouts/application
  Rendered overflow/index.html.erb within layouts/application (1.5ms)
Completed 200 OK in 576ms (Views: 384.8ms)


  [1m[35m (0.2ms)[0m  [1m[34mSELECT sqlite_version(*)[0m
  [1m[35m (103.4ms)[0m  [1m[35mCREATE TABLE "schema_migrations" ("version" varchar NOT NULL PRIMARY KEY)[0m
  [1m[35m (76.0ms)[0m  [1m[35mCREATE TABLE "ar_internal_metadata" ("key" varchar NOT NULL PRIMARY KEY, "value" varchar, "created_at" datetime NOT NULL, "updated_at" datetime NOT NULL)[0m
  [1m[35m (0.2ms)[0m  [1m[34mSELECT "schema_migrations"."version" FROM "schema_migrations" ORDER BY "schema_migrations"."version" ASC[0m
Migrating to DeviseCreateUsers (20180322011130)
  [1m[35m (0.1ms)[0m  [1m[36mbegin transaction[0m
  [1m[35m (1.9ms)[0m  [1m[35mCREATE TABLE "users" ("id" INTEGER PRIMARY KEY AUTOINCREMENT NOT NULL, "email" varchar DEFAULT '' NOT NULL, "encrypted_password" varchar DEFAULT '' NOT NULL, "reset_password_token" varchar, "reset_password_sent_at" datetime, "remember_created_at" datetime, "sign_in_count" integer DEFAULT 0 NOT NULL, "current_sign_in_at" datetime, "last_sign_in_at" datetime, "current_sign_in_ip" varchar, "last_sign_in_ip" varchar, "created_at" datetime NOT NULL, "updated_at" datetime NOT NULL)[0m
  [1m[35m (0.4ms)[0m  [1m[35mCREATE UNIQUE INDEX "index_users_on_email" ON "users" ("email")[0m
  [1m[35m (0.2ms)[0m  [1m[34m            SELECT sql
            FROM sqlite_master
            WHERE name='index_users_on_email' AND type='index'
            UNION ALL
            SELECT sql
            FROM sqlite_temp_master
            WHERE name='index_users_on_email' AND type='index'
[0m
  [1m[35m (0.3ms)[0m  [1m[35mCREATE UNIQUE INDEX "index_users_on_reset_password_token" ON "users" ("reset_password_token")[0m
  [1m[35mSQL (0.3ms)[0m  [1m[32mINSERT INTO "schema_migrations" ("version") VALUES (?)[0m  [["version", "20180322011130"]]
  [1m[35m (100.7ms)[0m  [1m[36mcommit transaction[0m
  [1m[36mActiveRecord::InternalMetadata Load (0.2ms)[0m  [1m[34mSELECT  "ar_internal_metadata".* FROM "ar_internal_metadata" WHERE "ar_internal_metadata"."key" = ? LIMIT ?[0m  [["key", "environment"], ["LIMIT", 1]]
  [1m[35m (0.1ms)[0m  [1m[36mbegin transaction[0m
  [1m[35mSQL (0.3ms)[0m  [1m[32mINSERT INTO "ar_internal_metadata" ("key", "value", "created_at", "updated_at") VALUES (?, ?, ?, ?)[0m  [["key", "environment"], ["value", "development"], ["created_at", "2018-03-22 01:11:56.052977"], ["updated_at", "2018-03-22 01:11:56.052977"]]
  [1m[35m (50.7ms)[0m  [1m[36mcommit transaction[0m
  [1m[35m (0.1ms)[0m  [1m[34mSELECT "schema_migrations"."version" FROM "schema_migrations" ORDER BY "schema_migrations"."version" ASC[0m
  [1m[35m (0.1ms)[0m  [1m[34m            SELECT sql
            FROM sqlite_master
            WHERE name='index_users_on_reset_password_token' AND type='index'
            UNION ALL
            SELECT sql
            FROM sqlite_temp_master
            WHERE name='index_users_on_reset_password_token' AND type='index'
[0m
  [1m[35m (0.1ms)[0m  [1m[34m            SELECT sql
            FROM sqlite_master
            WHERE name='index_users_on_email' AND type='index'
            UNION ALL
            SELECT sql
            FROM sqlite_temp_master
            WHERE name='index_users_on_email' AND type='index'
[0m
Started GET "/User/sign_in" for 127.0.0.1 at 2018-03-21 20:28:04 -0500
  [1m[35m (0.2ms)[0m  [1m[34mSELECT "schema_migrations"."version" FROM "schema_migrations" ORDER BY "schema_migrations"."version" ASC[0m
  
ActionController::RoutingError (No route matches [GET] "/User/sign_in"):
  
actionpack (5.1.5) lib/action_dispatch/middleware/debug_exceptions.rb:63:in `call'
web-console (3.5.1) lib/web_console/middleware.rb:135:in `call_app'
web-console (3.5.1) lib/web_console/middleware.rb:28:in `block in call'
web-console (3.5.1) lib/web_console/middleware.rb:18:in `catch'
web-console (3.5.1) lib/web_console/middleware.rb:18:in `call'
actionpack (5.1.5) lib/action_dispatch/middleware/show_exceptions.rb:31:in `call'
railties (5.1.5) lib/rails/rack/logger.rb:36:in `call_app'
railties (5.1.5) lib/rails/rack/logger.rb:24:in `block in call'
activesupport (5.1.5) lib/active_support/tagged_logging.rb:69:in `block in tagged'
activesupport (5.1.5) lib/active_support/tagged_logging.rb:26:in `tagged'
activesupport (5.1.5) lib/active_support/tagged_logging.rb:69:in `tagged'
railties (5.1.5) lib/rails/rack/logger.rb:24:in `call'
sprockets-rails (3.2.1) lib/sprockets/rails/quiet_assets.rb:13:in `call'
actionpack (5.1.5) lib/action_dispatch/middleware/remote_ip.rb:79:in `call'
actionpack (5.1.5) lib/action_dispatch/middleware/request_id.rb:25:in `call'
rack (2.0.4) lib/rack/method_override.rb:22:in `call'
rack (2.0.4) lib/rack/runtime.rb:22:in `call'
activesupport (5.1.5) lib/active_support/cache/strategy/local_cache_middleware.rb:27:in `call'
actionpack (5.1.5) lib/action_dispatch/middleware/executor.rb:12:in `call'
actionpack (5.1.5) lib/action_dispatch/middleware/static.rb:125:in `call'
rack (2.0.4) lib/rack/sendfile.rb:111:in `call'
railties (5.1.5) lib/rails/engine.rb:522:in `call'
puma (3.11.3) lib/puma/configuration.rb:225:in `call'
puma (3.11.3) lib/puma/server.rb:624:in `handle_request'
puma (3.11.3) lib/puma/server.rb:438:in `process_client'
puma (3.11.3) lib/puma/server.rb:302:in `block in run'
puma (3.11.3) lib/puma/thread_pool.rb:120:in `block in spawn_thread'
Started GET "/Users/sign_in" for 127.0.0.1 at 2018-03-21 20:28:10 -0500
  
ActionController::RoutingError (No route matches [GET] "/Users/sign_in"):
  
actionpack (5.1.5) lib/action_dispatch/middleware/debug_exceptions.rb:63:in `call'
web-console (3.5.1) lib/web_console/middleware.rb:135:in `call_app'
web-console (3.5.1) lib/web_console/middleware.rb:28:in `block in call'
web-console (3.5.1) lib/web_console/middleware.rb:18:in `catch'
web-console (3.5.1) lib/web_console/middleware.rb:18:in `call'
actionpack (5.1.5) lib/action_dispatch/middleware/show_exceptions.rb:31:in `call'
railties (5.1.5) lib/rails/rack/logger.rb:36:in `call_app'
railties (5.1.5) lib/rails/rack/logger.rb:24:in `block in call'
activesupport (5.1.5) lib/active_support/tagged_logging.rb:69:in `block in tagged'
activesupport (5.1.5) lib/active_support/tagged_logging.rb:26:in `tagged'
activesupport (5.1.5) lib/active_support/tagged_logging.rb:69:in `tagged'
railties (5.1.5) lib/rails/rack/logger.rb:24:in `call'
sprockets-rails (3.2.1) lib/sprockets/rails/quiet_assets.rb:13:in `call'
actionpack (5.1.5) lib/action_dispatch/middleware/remote_ip.rb:79:in `call'
actionpack (5.1.5) lib/action_dispatch/middleware/request_id.rb:25:in `call'
rack (2.0.4) lib/rack/method_override.rb:22:in `call'
rack (2.0.4) lib/rack/runtime.rb:22:in `call'
activesupport (5.1.5) lib/active_support/cache/strategy/local_cache_middleware.rb:27:in `call'
actionpack (5.1.5) lib/action_dispatch/middleware/executor.rb:12:in `call'
actionpack (5.1.5) lib/action_dispatch/middleware/static.rb:125:in `call'
rack (2.0.4) lib/rack/sendfile.rb:111:in `call'
railties (5.1.5) lib/rails/engine.rb:522:in `call'
puma (3.11.3) lib/puma/configuration.rb:225:in `call'
puma (3.11.3) lib/puma/server.rb:624:in `handle_request'
puma (3.11.3) lib/puma/server.rb:438:in `process_client'
puma (3.11.3) lib/puma/server.rb:302:in `block in run'
puma (3.11.3) lib/puma/thread_pool.rb:120:in `block in spawn_thread'
Started GET "/devise/sign_in" for 127.0.0.1 at 2018-03-21 20:28:30 -0500
  
ActionController::RoutingError (No route matches [GET] "/devise/sign_in"):
  
actionpack (5.1.5) lib/action_dispatch/middleware/debug_exceptions.rb:63:in `call'
web-console (3.5.1) lib/web_console/middleware.rb:135:in `call_app'
web-console (3.5.1) lib/web_console/middleware.rb:28:in `block in call'
web-console (3.5.1) lib/web_console/middleware.rb:18:in `catch'
web-console (3.5.1) lib/web_console/middleware.rb:18:in `call'
actionpack (5.1.5) lib/action_dispatch/middleware/show_exceptions.rb:31:in `call'
railties (5.1.5) lib/rails/rack/logger.rb:36:in `call_app'
railties (5.1.5) lib/rails/rack/logger.rb:24:in `block in call'
activesupport (5.1.5) lib/active_support/tagged_logging.rb:69:in `block in tagged'
activesupport (5.1.5) lib/active_support/tagged_logging.rb:26:in `tagged'
activesupport (5.1.5) lib/active_support/tagged_logging.rb:69:in `tagged'
railties (5.1.5) lib/rails/rack/logger.rb:24:in `call'
sprockets-rails (3.2.1) lib/sprockets/rails/quiet_assets.rb:13:in `call'
actionpack (5.1.5) lib/action_dispatch/middleware/remote_ip.rb:79:in `call'
actionpack (5.1.5) lib/action_dispatch/middleware/request_id.rb:25:in `call'
rack (2.0.4) lib/rack/method_override.rb:22:in `call'
rack (2.0.4) lib/rack/runtime.rb:22:in `call'
activesupport (5.1.5) lib/active_support/cache/strategy/local_cache_middleware.rb:27:in `call'
actionpack (5.1.5) lib/action_dispatch/middleware/executor.rb:12:in `call'
actionpack (5.1.5) lib/action_dispatch/middleware/static.rb:125:in `call'
rack (2.0.4) lib/rack/sendfile.rb:111:in `call'
railties (5.1.5) lib/rails/engine.rb:522:in `call'
puma (3.11.3) lib/puma/configuration.rb:225:in `call'
puma (3.11.3) lib/puma/server.rb:624:in `handle_request'
puma (3.11.3) lib/puma/server.rb:438:in `process_client'
puma (3.11.3) lib/puma/server.rb:302:in `block in run'
puma (3.11.3) lib/puma/thread_pool.rb:120:in `block in spawn_thread'
Started GET "/user/sign_in" for 127.0.0.1 at 2018-03-21 20:28:45 -0500
  
ActionController::RoutingError (No route matches [GET] "/user/sign_in"):
  
actionpack (5.1.5) lib/action_dispatch/middleware/debug_exceptions.rb:63:in `call'
web-console (3.5.1) lib/web_console/middleware.rb:135:in `call_app'
web-console (3.5.1) lib/web_console/middleware.rb:28:in `block in call'
web-console (3.5.1) lib/web_console/middleware.rb:18:in `catch'
web-console (3.5.1) lib/web_console/middleware.rb:18:in `call'
actionpack (5.1.5) lib/action_dispatch/middleware/show_exceptions.rb:31:in `call'
railties (5.1.5) lib/rails/rack/logger.rb:36:in `call_app'
railties (5.1.5) lib/rails/rack/logger.rb:24:in `block in call'
activesupport (5.1.5) lib/active_support/tagged_logging.rb:69:in `block in tagged'
activesupport (5.1.5) lib/active_support/tagged_logging.rb:26:in `tagged'
activesupport (5.1.5) lib/active_support/tagged_logging.rb:69:in `tagged'
railties (5.1.5) lib/rails/rack/logger.rb:24:in `call'
sprockets-rails (3.2.1) lib/sprockets/rails/quiet_assets.rb:13:in `call'
actionpack (5.1.5) lib/action_dispatch/middleware/remote_ip.rb:79:in `call'
actionpack (5.1.5) lib/action_dispatch/middleware/request_id.rb:25:in `call'
rack (2.0.4) lib/rack/method_override.rb:22:in `call'
rack (2.0.4) lib/rack/runtime.rb:22:in `call'
activesupport (5.1.5) lib/active_support/cache/strategy/local_cache_middleware.rb:27:in `call'
actionpack (5.1.5) lib/action_dispatch/middleware/executor.rb:12:in `call'
actionpack (5.1.5) lib/action_dispatch/middleware/static.rb:125:in `call'
rack (2.0.4) lib/rack/sendfile.rb:111:in `call'
railties (5.1.5) lib/rails/engine.rb:522:in `call'
puma (3.11.3) lib/puma/configuration.rb:225:in `call'
puma (3.11.3) lib/puma/server.rb:624:in `handle_request'
puma (3.11.3) lib/puma/server.rb:438:in `process_client'
puma (3.11.3) lib/puma/server.rb:302:in `block in run'
puma (3.11.3) lib/puma/thread_pool.rb:120:in `block in spawn_thread'
Started GET "/users/sign_in" for 127.0.0.1 at 2018-03-21 20:28:49 -0500
Processing by Devise::SessionsController#new as HTML
  Rendering devise/sessions/new.html.erb within layouts/application
  Rendered devise/shared/_links.html.erb (1.6ms)
  Rendered devise/sessions/new.html.erb within layouts/application (103.6ms)
Completed 200 OK in 467ms (Views: 426.7ms | ActiveRecord: 1.6ms)


Started GET "/users/sign_up" for 127.0.0.1 at 2018-03-21 20:30:16 -0500
Processing by Devise::RegistrationsController#new as HTML
  Rendering devise/registrations/new.html.erb within layouts/application
  Rendered devise/shared/_links.html.erb (3.5ms)
  Rendered devise/registrations/new.html.erb within layouts/application (15.5ms)
Completed 200 OK in 131ms (Views: 128.8ms | ActiveRecord: 0.0ms)


Started POST "/users" for 127.0.0.1 at 2018-03-21 20:30:41 -0500
Processing by Devise::RegistrationsController#create as HTML
  Parameters: {"utf8"=>"✓", "authenticity_token"=>"yT1OOx6owfSxLr/utxb4lDvVu3JTwr1b8m01WKQS+W6FxE/1zWjGIeZ5/jGKS4UnMZfWLmae900BxENE16Klhw==", "user"=>{"email"=>"capaisa12@hotmail.com", "password"=>"[FILTERED]", "password_confirmation"=>"[FILTERED]"}, "commit"=>"Sign up"}
  [1m[35m (0.1ms)[0m  [1m[36mbegin transaction[0m
  [1m[36mUser Exists (0.2ms)[0m  [1m[34mSELECT  1 AS one FROM "users" WHERE "users"."email" = ? LIMIT ?[0m  [["email", "capaisa12@hotmail.com"], ["LIMIT", 1]]
  [1m[35mSQL (1.7ms)[0m  [1m[32mINSERT INTO "users" ("email", "encrypted_password", "created_at", "updated_at") VALUES (?, ?, ?, ?)[0m  [["email", "capaisa12@hotmail.com"], ["encrypted_password", "$2a$11$zl0BmLmZ3MnX6QE/Tg0XpeHtXUx8tHNZWJ5Nu4z5iZpQ8sDxoitU6"], ["created_at", "2018-03-22 01:30:41.390248"], ["updated_at", "2018-03-22 01:30:41.390248"]]
  [1m[35m (79.6ms)[0m  [1m[36mcommit transaction[0m
  [1m[35m (0.1ms)[0m  [1m[36mbegin transaction[0m
  [1m[35mSQL (0.3ms)[0m  [1m[33mUPDATE "users" SET "sign_in_count" = ?, "current_sign_in_at" = ?, "last_sign_in_at" = ?, "current_sign_in_ip" = ?, "last_sign_in_ip" = ?, "updated_at" = ? WHERE "users"."id" = ?[0m  [["sign_in_count", 1], ["current_sign_in_at", "2018-03-22 01:30:41.479351"], ["last_sign_in_at", "2018-03-22 01:30:41.479351"], ["current_sign_in_ip", "127.0.0.1"], ["last_sign_in_ip", "127.0.0.1"], ["updated_at", "2018-03-22 01:30:41.480052"], ["id", 1]]
  [1m[35m (61.4ms)[0m  [1m[36mcommit transaction[0m
Redirected to http://localhost:3000/
Completed 302 Found in 429ms (ActiveRecord: 143.4ms)


Started GET "/" for 127.0.0.1 at 2018-03-21 20:30:41 -0500
Processing by OverflowController#index as HTML
  Rendering overflow/index.html.erb within layouts/application
  Rendered overflow/index.html.erb within layouts/application (0.7ms)
Completed 200 OK in 76ms (Views: 74.6ms | ActiveRecord: 0.0ms)


Started GET "/" for 127.0.0.1 at 2018-03-21 20:42:25 -0500
  [1m[35m (0.2ms)[0m  [1m[34mSELECT "schema_migrations"."version" FROM "schema_migrations" ORDER BY "schema_migrations"."version" ASC[0m
Processing by OverflowController#index as HTML
  Rendering overflow/index.html.erb within layouts/application
  Rendered overflow/index.html.erb within layouts/application (1.7ms)
Completed 200 OK in 385ms (Views: 372.8ms | ActiveRecord: 0.0ms)


Started GET "/" for 127.0.0.1 at 2018-03-21 20:43:51 -0500
  [1m[35m (0.3ms)[0m  [1m[34mSELECT "schema_migrations"."version" FROM "schema_migrations" ORDER BY "schema_migrations"."version" ASC[0m
Processing by OverflowController#index as HTML
  Rendering overflow/index.html.erb within layouts/application
  Rendered overflow/index.html.erb within layouts/application (1.7ms)
Completed 200 OK in 368ms (Views: 351.9ms | ActiveRecord: 0.0ms)


Started GET "/users/sign_up" for 127.0.0.1 at 2018-03-21 20:43:53 -0500
Processing by Devise::RegistrationsController#new as HTML
  [1m[36mUser Load (0.3ms)[0m  [1m[34mSELECT  "users".* FROM "users" WHERE "users"."id" = ? ORDER BY "users"."id" ASC LIMIT ?[0m  [["id", 1], ["LIMIT", 1]]
Redirected to http://localhost:3000/
Filter chain halted as :require_no_authentication rendered or redirected
Completed 302 Found in 57ms (ActiveRecord: 1.7ms)


Started GET "/" for 127.0.0.1 at 2018-03-21 20:43:53 -0500
Processing by OverflowController#index as HTML
  Rendering overflow/index.html.erb within layouts/application
  Rendered overflow/index.html.erb within layouts/application (1.3ms)
Completed 200 OK in 98ms (Views: 96.4ms | ActiveRecord: 0.0ms)


Started GET "/users/sign_up" for 127.0.0.1 at 2018-03-21 20:43:54 -0500
Processing by Devise::RegistrationsController#new as HTML
  [1m[36mUser Load (0.4ms)[0m  [1m[34mSELECT  "users".* FROM "users" WHERE "users"."id" = ? ORDER BY "users"."id" ASC LIMIT ?[0m  [["id", 1], ["LIMIT", 1]]
Redirected to http://localhost:3000/
Filter chain halted as :require_no_authentication rendered or redirected
Completed 302 Found in 5ms (ActiveRecord: 0.4ms)


Started GET "/" for 127.0.0.1 at 2018-03-21 20:43:54 -0500
Processing by OverflowController#index as HTML
  Rendering overflow/index.html.erb within layouts/application
  Rendered overflow/index.html.erb within layouts/application (0.7ms)
Completed 200 OK in 91ms (Views: 88.5ms | ActiveRecord: 0.0ms)


Started GET "/users/sign_up" for 127.0.0.1 at 2018-03-21 20:43:55 -0500
Processing by Devise::RegistrationsController#new as HTML
  [1m[36mUser Load (0.4ms)[0m  [1m[34mSELECT  "users".* FROM "users" WHERE "users"."id" = ? ORDER BY "users"."id" ASC LIMIT ?[0m  [["id", 1], ["LIMIT", 1]]
Redirected to http://localhost:3000/
Filter chain halted as :require_no_authentication rendered or redirected
Completed 302 Found in 4ms (ActiveRecord: 0.4ms)


Started GET "/" for 127.0.0.1 at 2018-03-21 20:43:55 -0500
Processing by OverflowController#index as HTML
  Rendering overflow/index.html.erb within layouts/application
  Rendered overflow/index.html.erb within layouts/application (0.6ms)
Completed 200 OK in 78ms (Views: 76.6ms | ActiveRecord: 0.0ms)


Started GET "/users/sign_up" for 127.0.0.1 at 2018-03-21 20:43:56 -0500
Processing by Devise::RegistrationsController#new as HTML
  [1m[36mUser Load (0.4ms)[0m  [1m[34mSELECT  "users".* FROM "users" WHERE "users"."id" = ? ORDER BY "users"."id" ASC LIMIT ?[0m  [["id", 1], ["LIMIT", 1]]
Redirected to http://localhost:3000/
Filter chain halted as :require_no_authentication rendered or redirected
Completed 302 Found in 4ms (ActiveRecord: 0.4ms)


Started GET "/" for 127.0.0.1 at 2018-03-21 20:43:56 -0500
Processing by OverflowController#index as HTML
  Rendering overflow/index.html.erb within layouts/application
  Rendered overflow/index.html.erb within layouts/application (0.6ms)
Completed 200 OK in 66ms (Views: 64.3ms | ActiveRecord: 0.0ms)


Started GET "/users/sign_up" for 127.0.0.1 at 2018-03-21 20:43:57 -0500
Processing by Devise::RegistrationsController#new as HTML
  [1m[36mUser Load (0.4ms)[0m  [1m[34mSELECT  "users".* FROM "users" WHERE "users"."id" = ? ORDER BY "users"."id" ASC LIMIT ?[0m  [["id", 1], ["LIMIT", 1]]
Redirected to http://localhost:3000/
Filter chain halted as :require_no_authentication rendered or redirected
Completed 302 Found in 4ms (ActiveRecord: 0.4ms)


Started GET "/" for 127.0.0.1 at 2018-03-21 20:43:57 -0500
Processing by OverflowController#index as HTML
  Rendering overflow/index.html.erb within layouts/application
  Rendered overflow/index.html.erb within layouts/application (0.8ms)
Completed 200 OK in 72ms (Views: 69.9ms | ActiveRecord: 0.0ms)


Started GET "/users/sign_up" for 127.0.0.1 at 2018-03-21 20:43:57 -0500
Processing by Devise::RegistrationsController#new as HTML
  [1m[36mUser Load (0.5ms)[0m  [1m[34mSELECT  "users".* FROM "users" WHERE "users"."id" = ? ORDER BY "users"."id" ASC LIMIT ?[0m  [["id", 1], ["LIMIT", 1]]
Redirected to http://localhost:3000/
Filter chain halted as :require_no_authentication rendered or redirected
Completed 302 Found in 5ms (ActiveRecord: 0.5ms)


Started GET "/" for 127.0.0.1 at 2018-03-21 20:43:57 -0500
Processing by OverflowController#index as HTML
  Rendering overflow/index.html.erb within layouts/application
  Rendered overflow/index.html.erb within layouts/application (1.1ms)
Completed 200 OK in 83ms (Views: 80.9ms | ActiveRecord: 0.0ms)


Started GET "/users/sign_up" for 127.0.0.1 at 2018-03-21 20:43:58 -0500
Processing by Devise::RegistrationsController#new as HTML
  [1m[36mUser Load (0.4ms)[0m  [1m[34mSELECT  "users".* FROM "users" WHERE "users"."id" = ? ORDER BY "users"."id" ASC LIMIT ?[0m  [["id", 1], ["LIMIT", 1]]
Redirected to http://localhost:3000/
Filter chain halted as :require_no_authentication rendered or redirected
Completed 302 Found in 4ms (ActiveRecord: 0.4ms)


Started GET "/" for 127.0.0.1 at 2018-03-21 20:43:58 -0500
Processing by OverflowController#index as HTML
  Rendering overflow/index.html.erb within layouts/application
  Rendered overflow/index.html.erb within layouts/application (0.8ms)
Completed 200 OK in 75ms (Views: 73.7ms | ActiveRecord: 0.0ms)


Started GET "/users/sign_up" for 127.0.0.1 at 2018-03-21 20:43:59 -0500
Processing by Devise::RegistrationsController#new as HTML
  [1m[36mUser Load (0.5ms)[0m  [1m[34mSELECT  "users".* FROM "users" WHERE "users"."id" = ? ORDER BY "users"."id" ASC LIMIT ?[0m  [["id", 1], ["LIMIT", 1]]
Redirected to http://localhost:3000/
Filter chain halted as :require_no_authentication rendered or redirected
Completed 302 Found in 4ms (ActiveRecord: 0.5ms)


Started GET "/" for 127.0.0.1 at 2018-03-21 20:43:59 -0500
Processing by OverflowController#index as HTML
  Rendering overflow/index.html.erb within layouts/application
  Rendered overflow/index.html.erb within layouts/application (0.7ms)
Completed 200 OK in 73ms (Views: 71.1ms | ActiveRecord: 0.0ms)


Started GET "/users/sign_up" for 127.0.0.1 at 2018-03-21 20:44:00 -0500
Processing by Devise::RegistrationsController#new as HTML
  [1m[36mUser Load (0.4ms)[0m  [1m[34mSELECT  "users".* FROM "users" WHERE "users"."id" = ? ORDER BY "users"."id" ASC LIMIT ?[0m  [["id", 1], ["LIMIT", 1]]
Redirected to http://localhost:3000/
Filter chain halted as :require_no_authentication rendered or redirected
Completed 302 Found in 4ms (ActiveRecord: 0.4ms)


Started GET "/" for 127.0.0.1 at 2018-03-21 20:44:00 -0500
Processing by OverflowController#index as HTML
  Rendering overflow/index.html.erb within layouts/application
  Rendered overflow/index.html.erb within layouts/application (0.6ms)
Completed 200 OK in 73ms (Views: 71.3ms | ActiveRecord: 0.0ms)


Started GET "/users/sign_up" for 127.0.0.1 at 2018-03-21 20:44:08 -0500
Processing by Devise::RegistrationsController#new as HTML
  [1m[36mUser Load (0.4ms)[0m  [1m[34mSELECT  "users".* FROM "users" WHERE "users"."id" = ? ORDER BY "users"."id" ASC LIMIT ?[0m  [["id", 1], ["LIMIT", 1]]
Redirected to http://localhost:3000/
Filter chain halted as :require_no_authentication rendered or redirected
Completed 302 Found in 4ms (ActiveRecord: 0.4ms)


Started GET "/" for 127.0.0.1 at 2018-03-21 20:44:08 -0500
Processing by OverflowController#index as HTML
  Rendering overflow/index.html.erb within layouts/application
  Rendered overflow/index.html.erb within layouts/application (0.6ms)
Completed 200 OK in 81ms (Views: 79.7ms | ActiveRecord: 0.0ms)


Started GET "/" for 127.0.0.1 at 2018-03-21 20:44:29 -0500
  [1m[35m (0.2ms)[0m  [1m[34mSELECT "schema_migrations"."version" FROM "schema_migrations" ORDER BY "schema_migrations"."version" ASC[0m
Processing by OverflowController#index as HTML
  Rendering overflow/index.html.erb within layouts/application
  Rendered overflow/index.html.erb within layouts/application (2.0ms)
Completed 200 OK in 366ms (Views: 353.6ms | ActiveRecord: 0.0ms)


Started GET "/users/sign_up" for 127.0.0.1 at 2018-03-21 20:44:31 -0500
Processing by Devise::RegistrationsController#new as HTML
  [1m[36mUser Load (0.4ms)[0m  [1m[34mSELECT  "users".* FROM "users" WHERE "users"."id" = ? ORDER BY "users"."id" ASC LIMIT ?[0m  [["id", 1], ["LIMIT", 1]]
Redirected to http://localhost:3000/
Filter chain halted as :require_no_authentication rendered or redirected
Completed 302 Found in 73ms (ActiveRecord: 1.9ms)


Started GET "/" for 127.0.0.1 at 2018-03-21 20:44:31 -0500
Processing by OverflowController#index as HTML
  Rendering overflow/index.html.erb within layouts/application
  Rendered overflow/index.html.erb within layouts/application (1.7ms)
Completed 200 OK in 95ms (Views: 92.1ms | ActiveRecord: 0.0ms)


Started GET "/users/sign_up" for 127.0.0.1 at 2018-03-21 20:44:32 -0500
Processing by Devise::RegistrationsController#new as HTML
  [1m[36mUser Load (0.4ms)[0m  [1m[34mSELECT  "users".* FROM "users" WHERE "users"."id" = ? ORDER BY "users"."id" ASC LIMIT ?[0m  [["id", 1], ["LIMIT", 1]]
Redirected to http://localhost:3000/
Filter chain halted as :require_no_authentication rendered or redirected
Completed 302 Found in 4ms (ActiveRecord: 0.4ms)


Started GET "/" for 127.0.0.1 at 2018-03-21 20:44:32 -0500
Processing by OverflowController#index as HTML
  Rendering overflow/index.html.erb within layouts/application
  Rendered overflow/index.html.erb within layouts/application (0.7ms)
Completed 200 OK in 71ms (Views: 68.8ms | ActiveRecord: 0.0ms)


Started GET "/users/sign_up" for 127.0.0.1 at 2018-03-21 20:44:32 -0500
Processing by Devise::RegistrationsController#new as HTML
  [1m[36mUser Load (0.3ms)[0m  [1m[34mSELECT  "users".* FROM "users" WHERE "users"."id" = ? ORDER BY "users"."id" ASC LIMIT ?[0m  [["id", 1], ["LIMIT", 1]]
Redirected to http://localhost:3000/
Filter chain halted as :require_no_authentication rendered or redirected
Completed 302 Found in 3ms (ActiveRecord: 0.3ms)


Started GET "/" for 127.0.0.1 at 2018-03-21 20:44:32 -0500
Processing by OverflowController#index as HTML
  Rendering overflow/index.html.erb within layouts/application
  Rendered overflow/index.html.erb within layouts/application (0.4ms)
Completed 200 OK in 63ms (Views: 61.9ms | ActiveRecord: 0.0ms)


Started GET "/users/sign_up" for 127.0.0.1 at 2018-03-21 20:44:33 -0500
Processing by Devise::RegistrationsController#new as HTML
  [1m[36mUser Load (0.4ms)[0m  [1m[34mSELECT  "users".* FROM "users" WHERE "users"."id" = ? ORDER BY "users"."id" ASC LIMIT ?[0m  [["id", 1], ["LIMIT", 1]]
Redirected to http://localhost:3000/
Filter chain halted as :require_no_authentication rendered or redirected
Completed 302 Found in 4ms (ActiveRecord: 0.4ms)


Started GET "/" for 127.0.0.1 at 2018-03-21 20:44:33 -0500
Processing by OverflowController#index as HTML
  Rendering overflow/index.html.erb within layouts/application
  Rendered overflow/index.html.erb within layouts/application (0.7ms)
Completed 200 OK in 76ms (Views: 74.1ms | ActiveRecord: 0.0ms)


Started GET "/users/sign_up" for 127.0.0.1 at 2018-03-21 20:44:34 -0500
Processing by Devise::RegistrationsController#new as HTML
  [1m[36mUser Load (0.4ms)[0m  [1m[34mSELECT  "users".* FROM "users" WHERE "users"."id" = ? ORDER BY "users"."id" ASC LIMIT ?[0m  [["id", 1], ["LIMIT", 1]]
Redirected to http://localhost:3000/
Filter chain halted as :require_no_authentication rendered or redirected
Completed 302 Found in 5ms (ActiveRecord: 0.4ms)


Started GET "/" for 127.0.0.1 at 2018-03-21 20:44:34 -0500
Processing by OverflowController#index as HTML
  Rendering overflow/index.html.erb within layouts/application
  Rendered overflow/index.html.erb within layouts/application (0.5ms)
Completed 200 OK in 76ms (Views: 74.4ms | ActiveRecord: 0.0ms)


Started GET "/users/sign_up" for 127.0.0.1 at 2018-03-21 20:44:34 -0500
Processing by Devise::RegistrationsController#new as HTML
  [1m[36mUser Load (0.4ms)[0m  [1m[34mSELECT  "users".* FROM "users" WHERE "users"."id" = ? ORDER BY "users"."id" ASC LIMIT ?[0m  [["id", 1], ["LIMIT", 1]]
Redirected to http://localhost:3000/
Filter chain halted as :require_no_authentication rendered or redirected
Completed 302 Found in 5ms (ActiveRecord: 0.4ms)


Started GET "/" for 127.0.0.1 at 2018-03-21 20:44:34 -0500
Processing by OverflowController#index as HTML
  Rendering overflow/index.html.erb within layouts/application
  Rendered overflow/index.html.erb within layouts/application (0.8ms)
Completed 200 OK in 78ms (Views: 75.8ms | ActiveRecord: 0.0ms)


Started GET "/users/sign_up" for 127.0.0.1 at 2018-03-21 20:44:35 -0500
Processing by Devise::RegistrationsController#new as HTML
  [1m[36mUser Load (0.5ms)[0m  [1m[34mSELECT  "users".* FROM "users" WHERE "users"."id" = ? ORDER BY "users"."id" ASC LIMIT ?[0m  [["id", 1], ["LIMIT", 1]]
Redirected to http://localhost:3000/
Filter chain halted as :require_no_authentication rendered or redirected
Completed 302 Found in 6ms (ActiveRecord: 0.5ms)


Started GET "/" for 127.0.0.1 at 2018-03-21 20:44:35 -0500
Processing by OverflowController#index as HTML
  Rendering overflow/index.html.erb within layouts/application
  Rendered overflow/index.html.erb within layouts/application (1.2ms)
Completed 200 OK in 70ms (Views: 67.7ms | ActiveRecord: 0.0ms)


Started GET "/users/sign_up" for 127.0.0.1 at 2018-03-21 20:44:36 -0500
Processing by Devise::RegistrationsController#new as HTML
  [1m[36mUser Load (0.4ms)[0m  [1m[34mSELECT  "users".* FROM "users" WHERE "users"."id" = ? ORDER BY "users"."id" ASC LIMIT ?[0m  [["id", 1], ["LIMIT", 1]]
Redirected to http://localhost:3000/
Filter chain halted as :require_no_authentication rendered or redirected
Completed 302 Found in 4ms (ActiveRecord: 0.4ms)


Started GET "/" for 127.0.0.1 at 2018-03-21 20:44:36 -0500
Processing by OverflowController#index as HTML
  Rendering overflow/index.html.erb within layouts/application
  Rendered overflow/index.html.erb within layouts/application (0.4ms)
Completed 200 OK in 73ms (Views: 71.7ms | ActiveRecord: 0.0ms)


Started GET "/users/sign_up" for 127.0.0.1 at 2018-03-21 20:44:37 -0500
Processing by Devise::RegistrationsController#new as HTML
  [1m[36mUser Load (0.4ms)[0m  [1m[34mSELECT  "users".* FROM "users" WHERE "users"."id" = ? ORDER BY "users"."id" ASC LIMIT ?[0m  [["id", 1], ["LIMIT", 1]]
Redirected to http://localhost:3000/
Filter chain halted as :require_no_authentication rendered or redirected
Completed 302 Found in 5ms (ActiveRecord: 0.4ms)


Started GET "/" for 127.0.0.1 at 2018-03-21 20:44:37 -0500
Processing by OverflowController#index as HTML
  Rendering overflow/index.html.erb within layouts/application
  Rendered overflow/index.html.erb within layouts/application (0.6ms)
Completed 200 OK in 75ms (Views: 72.7ms | ActiveRecord: 0.0ms)


Started GET "/users/sign_up" for 127.0.0.1 at 2018-03-21 20:44:38 -0500
Processing by Devise::RegistrationsController#new as HTML
  [1m[36mUser Load (0.4ms)[0m  [1m[34mSELECT  "users".* FROM "users" WHERE "users"."id" = ? ORDER BY "users"."id" ASC LIMIT ?[0m  [["id", 1], ["LIMIT", 1]]
Redirected to http://localhost:3000/
Filter chain halted as :require_no_authentication rendered or redirected
Completed 302 Found in 4ms (ActiveRecord: 0.4ms)


Started GET "/" for 127.0.0.1 at 2018-03-21 20:44:38 -0500
Processing by OverflowController#index as HTML
  Rendering overflow/index.html.erb within layouts/application
  Rendered overflow/index.html.erb within layouts/application (0.5ms)
Completed 200 OK in 69ms (Views: 67.5ms | ActiveRecord: 0.0ms)


Started GET "/" for 127.0.0.1 at 2018-03-21 20:44:46 -0500
Processing by OverflowController#index as HTML
  Rendering overflow/index.html.erb within layouts/application
  Rendered overflow/index.html.erb within layouts/application (0.8ms)
Completed 200 OK in 80ms (Views: 77.8ms | ActiveRecord: 0.0ms)


Started GET "/users/sign_up" for 127.0.0.1 at 2018-03-21 20:44:51 -0500
Processing by Devise::RegistrationsController#new as HTML
  [1m[36mUser Load (0.4ms)[0m  [1m[34mSELECT  "users".* FROM "users" WHERE "users"."id" = ? ORDER BY "users"."id" ASC LIMIT ?[0m  [["id", 1], ["LIMIT", 1]]
Redirected to http://localhost:3000/
Filter chain halted as :require_no_authentication rendered or redirected
Completed 302 Found in 5ms (ActiveRecord: 0.4ms)


Started GET "/users/sign_up" for 127.0.0.1 at 2018-03-21 20:45:01 -0500
Processing by Devise::RegistrationsController#new as HTML
  [1m[36mUser Load (0.3ms)[0m  [1m[34mSELECT  "users".* FROM "users" WHERE "users"."id" = ? ORDER BY "users"."id" ASC LIMIT ?[0m  [["id", 1], ["LIMIT", 1]]
Redirected to http://localhost:3000/
Filter chain halted as :require_no_authentication rendered or redirected
Completed 302 Found in 3ms (ActiveRecord: 0.3ms)


Started GET "/" for 127.0.0.1 at 2018-03-21 20:45:01 -0500
Processing by OverflowController#index as HTML
  Rendering overflow/index.html.erb within layouts/application
  Rendered overflow/index.html.erb within layouts/application (0.8ms)
Completed 200 OK in 82ms (Views: 80.2ms | ActiveRecord: 0.0ms)


Started GET "/users/sign_in" for 127.0.0.1 at 2018-03-21 20:45:26 -0500
Processing by Devise::SessionsController#new as HTML
  [1m[36mUser Load (0.3ms)[0m  [1m[34mSELECT  "users".* FROM "users" WHERE "users"."id" = ? ORDER BY "users"."id" ASC LIMIT ?[0m  [["id", 1], ["LIMIT", 1]]
Redirected to http://localhost:3000/
Filter chain halted as :require_no_authentication rendered or redirected
Completed 302 Found in 3ms (ActiveRecord: 0.3ms)


Started GET "/" for 127.0.0.1 at 2018-03-21 20:45:26 -0500
Processing by OverflowController#index as HTML
  Rendering overflow/index.html.erb within layouts/application
  Rendered overflow/index.html.erb within layouts/application (0.5ms)
Completed 200 OK in 56ms (Views: 53.6ms | ActiveRecord: 0.0ms)


Started GET "/" for 127.0.0.1 at 2018-03-21 20:45:51 -0500
Processing by OverflowController#index as HTML
  Rendering overflow/index.html.erb within layouts/application
  Rendered overflow/index.html.erb within layouts/application (0.6ms)
Completed 200 OK in 73ms (Views: 71.4ms | ActiveRecord: 0.0ms)


Started GET "/" for 127.0.0.1 at 2018-03-21 20:45:52 -0500
Processing by OverflowController#index as HTML
  Rendering overflow/index.html.erb within layouts/application
  Rendered overflow/index.html.erb within layouts/application (0.7ms)
Completed 200 OK in 72ms (Views: 70.7ms | ActiveRecord: 0.0ms)


Started GET "/" for 127.0.0.1 at 2018-03-21 20:45:52 -0500
Processing by OverflowController#index as HTML
  Rendering overflow/index.html.erb within layouts/application
  Rendered overflow/index.html.erb within layouts/application (0.6ms)
Completed 200 OK in 81ms (Views: 78.8ms | ActiveRecord: 0.0ms)


Started GET "/" for 127.0.0.1 at 2018-03-21 20:45:53 -0500
Processing by OverflowController#index as HTML
  Rendering overflow/index.html.erb within layouts/application
  Rendered overflow/index.html.erb within layouts/application (0.8ms)
Completed 200 OK in 68ms (Views: 66.3ms | ActiveRecord: 0.0ms)


Started GET "/" for 127.0.0.1 at 2018-03-21 20:46:00 -0500
Processing by OverflowController#index as HTML
  Rendering overflow/index.html.erb within layouts/application
  Rendered overflow/index.html.erb within layouts/application (0.7ms)
Completed 200 OK in 79ms (Views: 76.9ms | ActiveRecord: 0.0ms)


Started GET "/users/sign_up" for 127.0.0.1 at 2018-03-21 20:46:02 -0500
Processing by Devise::RegistrationsController#new as HTML
  [1m[36mUser Load (0.3ms)[0m  [1m[34mSELECT  "users".* FROM "users" WHERE "users"."id" = ? ORDER BY "users"."id" ASC LIMIT ?[0m  [["id", 1], ["LIMIT", 1]]
Redirected to http://localhost:3000/
Filter chain halted as :require_no_authentication rendered or redirected
Completed 302 Found in 3ms (ActiveRecord: 0.3ms)


Started GET "/" for 127.0.0.1 at 2018-03-21 20:46:02 -0500
Processing by OverflowController#index as HTML
  Rendering overflow/index.html.erb within layouts/application
  Rendered overflow/index.html.erb within layouts/application (0.6ms)
Completed 200 OK in 84ms (Views: 82.2ms | ActiveRecord: 0.0ms)


Started GET "/users/sign_up" for 127.0.0.1 at 2018-03-21 20:46:03 -0500
Processing by Devise::RegistrationsController#new as HTML
  [1m[36mUser Load (0.4ms)[0m  [1m[34mSELECT  "users".* FROM "users" WHERE "users"."id" = ? ORDER BY "users"."id" ASC LIMIT ?[0m  [["id", 1], ["LIMIT", 1]]
Redirected to http://localhost:3000/
Filter chain halted as :require_no_authentication rendered or redirected
Completed 302 Found in 3ms (ActiveRecord: 0.4ms)


Started GET "/" for 127.0.0.1 at 2018-03-21 20:46:03 -0500
Processing by OverflowController#index as HTML
  Rendering overflow/index.html.erb within layouts/application
  Rendered overflow/index.html.erb within layouts/application (0.6ms)
Completed 200 OK in 70ms (Views: 68.2ms | ActiveRecord: 0.0ms)


Started GET "/users/sign_up" for 127.0.0.1 at 2018-03-21 20:46:03 -0500
Processing by Devise::RegistrationsController#new as HTML
  [1m[36mUser Load (0.4ms)[0m  [1m[34mSELECT  "users".* FROM "users" WHERE "users"."id" = ? ORDER BY "users"."id" ASC LIMIT ?[0m  [["id", 1], ["LIMIT", 1]]
Redirected to http://localhost:3000/
Filter chain halted as :require_no_authentication rendered or redirected
Completed 302 Found in 4ms (ActiveRecord: 0.4ms)


Started GET "/" for 127.0.0.1 at 2018-03-21 20:46:03 -0500
Processing by OverflowController#index as HTML
  Rendering overflow/index.html.erb within layouts/application
  Rendered overflow/index.html.erb within layouts/application (0.6ms)
Completed 200 OK in 67ms (Views: 64.9ms | ActiveRecord: 0.0ms)


Started GET "/" for 127.0.0.1 at 2018-03-21 20:46:04 -0500
Processing by OverflowController#index as HTML
  Rendering overflow/index.html.erb within layouts/application
  Rendered overflow/index.html.erb within layouts/application (0.8ms)
Completed 200 OK in 62ms (Views: 59.7ms | ActiveRecord: 0.0ms)


Started GET "/users/sign_up" for 127.0.0.1 at 2018-03-21 20:46:06 -0500
Processing by Devise::RegistrationsController#new as HTML
  [1m[36mUser Load (0.5ms)[0m  [1m[34mSELECT  "users".* FROM "users" WHERE "users"."id" = ? ORDER BY "users"."id" ASC LIMIT ?[0m  [["id", 1], ["LIMIT", 1]]
Redirected to http://localhost:3000/
Filter chain halted as :require_no_authentication rendered or redirected
Completed 302 Found in 5ms (ActiveRecord: 0.5ms)


Started GET "/" for 127.0.0.1 at 2018-03-21 20:46:06 -0500
Processing by OverflowController#index as HTML
  Rendering overflow/index.html.erb within layouts/application
  Rendered overflow/index.html.erb within layouts/application (0.8ms)
Completed 200 OK in 86ms (Views: 84.4ms | ActiveRecord: 0.0ms)


Started GET "/" for 127.0.0.1 at 2018-03-21 20:46:07 -0500
Processing by OverflowController#index as HTML
  Rendering overflow/index.html.erb within layouts/application
  Rendered overflow/index.html.erb within layouts/application (0.6ms)
Completed 200 OK in 70ms (Views: 68.3ms | ActiveRecord: 0.0ms)


Started GET "/" for 127.0.0.1 at 2018-03-21 20:46:07 -0500
Processing by OverflowController#index as HTML
  Rendering overflow/index.html.erb within layouts/application
  Rendered overflow/index.html.erb within layouts/application (0.7ms)
Completed 200 OK in 67ms (Views: 64.7ms | ActiveRecord: 0.0ms)


Started GET "/users/sign_up" for 127.0.0.1 at 2018-03-21 20:46:09 -0500
Processing by Devise::RegistrationsController#new as HTML
  [1m[36mUser Load (0.5ms)[0m  [1m[34mSELECT  "users".* FROM "users" WHERE "users"."id" = ? ORDER BY "users"."id" ASC LIMIT ?[0m  [["id", 1], ["LIMIT", 1]]
Redirected to http://localhost:3000/
Filter chain halted as :require_no_authentication rendered or redirected
Completed 302 Found in 4ms (ActiveRecord: 0.5ms)


Started GET "/" for 127.0.0.1 at 2018-03-21 20:46:09 -0500
Processing by OverflowController#index as HTML
  Rendering overflow/index.html.erb within layouts/application
  Rendered overflow/index.html.erb within layouts/application (0.6ms)
Completed 200 OK in 69ms (Views: 67.5ms | ActiveRecord: 0.0ms)


Started GET "/" for 127.0.0.1 at 2018-03-21 20:48:03 -0500
  [1m[35m (0.2ms)[0m  [1m[34mSELECT "schema_migrations"."version" FROM "schema_migrations" ORDER BY "schema_migrations"."version" ASC[0m
Processing by OverflowController#index as HTML
  Rendering overflow/index.html.erb within layouts/application
  Rendered overflow/index.html.erb within layouts/application (1.0ms)
Completed 200 OK in 385ms (Views: 373.2ms | ActiveRecord: 0.0ms)


Started GET "/users/sign_up" for 127.0.0.1 at 2018-03-21 20:48:05 -0500
Processing by Devise::RegistrationsController#new as HTML
  [1m[36mUser Load (1.1ms)[0m  [1m[34mSELECT  "users".* FROM "users" WHERE "users"."id" = ? ORDER BY "users"."id" ASC LIMIT ?[0m  [["id", 1], ["LIMIT", 1]]
Redirected to http://localhost:3000/
Filter chain halted as :require_no_authentication rendered or redirected
Completed 302 Found in 66ms (ActiveRecord: 2.4ms)


Started GET "/" for 127.0.0.1 at 2018-03-21 20:48:05 -0500
Processing by OverflowController#index as HTML
  Rendering overflow/index.html.erb within layouts/application
  Rendered overflow/index.html.erb within layouts/application (1.5ms)
Completed 200 OK in 87ms (Views: 85.2ms | ActiveRecord: 0.0ms)


Started GET "/users/sign_up" for 127.0.0.1 at 2018-03-21 20:48:06 -0500
Processing by Devise::RegistrationsController#new as HTML
  [1m[36mUser Load (0.6ms)[0m  [1m[34mSELECT  "users".* FROM "users" WHERE "users"."id" = ? ORDER BY "users"."id" ASC LIMIT ?[0m  [["id", 1], ["LIMIT", 1]]
Redirected to http://localhost:3000/
Filter chain halted as :require_no_authentication rendered or redirected
Completed 302 Found in 6ms (ActiveRecord: 0.6ms)


Started GET "/" for 127.0.0.1 at 2018-03-21 20:48:06 -0500
Processing by OverflowController#index as HTML
  Rendering overflow/index.html.erb within layouts/application
  Rendered overflow/index.html.erb within layouts/application (0.6ms)
Completed 200 OK in 81ms (Views: 78.8ms | ActiveRecord: 0.0ms)


Started GET "/users/sign_up" for 127.0.0.1 at 2018-03-21 20:48:06 -0500
Processing by Devise::RegistrationsController#new as HTML
  [1m[36mUser Load (0.4ms)[0m  [1m[34mSELECT  "users".* FROM "users" WHERE "users"."id" = ? ORDER BY "users"."id" ASC LIMIT ?[0m  [["id", 1], ["LIMIT", 1]]
Redirected to http://localhost:3000/
Filter chain halted as :require_no_authentication rendered or redirected
Completed 302 Found in 4ms (ActiveRecord: 0.4ms)


Started GET "/" for 127.0.0.1 at 2018-03-21 20:48:06 -0500
Processing by OverflowController#index as HTML
  Rendering overflow/index.html.erb within layouts/application
  Rendered overflow/index.html.erb within layouts/application (0.6ms)
Completed 200 OK in 76ms (Views: 74.6ms | ActiveRecord: 0.0ms)


Started GET "/users/sign_up" for 127.0.0.1 at 2018-03-21 20:48:07 -0500
Processing by Devise::RegistrationsController#new as HTML
  [1m[36mUser Load (0.6ms)[0m  [1m[34mSELECT  "users".* FROM "users" WHERE "users"."id" = ? ORDER BY "users"."id" ASC LIMIT ?[0m  [["id", 1], ["LIMIT", 1]]
Redirected to http://localhost:3000/
Filter chain halted as :require_no_authentication rendered or redirected
Completed 302 Found in 5ms (ActiveRecord: 0.6ms)


Started GET "/" for 127.0.0.1 at 2018-03-21 20:48:07 -0500
Processing by OverflowController#index as HTML
  Rendering overflow/index.html.erb within layouts/application
  Rendered overflow/index.html.erb within layouts/application (0.8ms)
Completed 200 OK in 66ms (Views: 63.8ms | ActiveRecord: 0.0ms)


Started GET "/users/sign_up" for 127.0.0.1 at 2018-03-21 20:48:13 -0500
Processing by Devise::RegistrationsController#new as HTML
  [1m[36mUser Load (0.5ms)[0m  [1m[34mSELECT  "users".* FROM "users" WHERE "users"."id" = ? ORDER BY "users"."id" ASC LIMIT ?[0m  [["id", 1], ["LIMIT", 1]]
Redirected to http://localhost:3000/
Filter chain halted as :require_no_authentication rendered or redirected
Completed 302 Found in 5ms (ActiveRecord: 0.5ms)


Started GET "/" for 127.0.0.1 at 2018-03-21 20:48:13 -0500
Processing by OverflowController#index as HTML
  Rendering overflow/index.html.erb within layouts/application
  Rendered overflow/index.html.erb within layouts/application (0.6ms)
Completed 200 OK in 64ms (Views: 62.9ms | ActiveRecord: 0.0ms)


Started GET "/users/sign_up" for 127.0.0.1 at 2018-03-21 20:48:13 -0500
Processing by Devise::RegistrationsController#new as HTML
  [1m[36mUser Load (0.4ms)[0m  [1m[34mSELECT  "users".* FROM "users" WHERE "users"."id" = ? ORDER BY "users"."id" ASC LIMIT ?[0m  [["id", 1], ["LIMIT", 1]]
Redirected to http://localhost:3000/
Filter chain halted as :require_no_authentication rendered or redirected
Completed 302 Found in 4ms (ActiveRecord: 0.4ms)


Started GET "/" for 127.0.0.1 at 2018-03-21 20:48:14 -0500
Processing by OverflowController#index as HTML
  Rendering overflow/index.html.erb within layouts/application
  Rendered overflow/index.html.erb within layouts/application (0.6ms)
Completed 200 OK in 79ms (Views: 76.7ms | ActiveRecord: 0.0ms)


Started GET "/users/sign_up" for 127.0.0.1 at 2018-03-21 20:48:15 -0500
Processing by Devise::RegistrationsController#new as HTML
  [1m[36mUser Load (0.4ms)[0m  [1m[34mSELECT  "users".* FROM "users" WHERE "users"."id" = ? ORDER BY "users"."id" ASC LIMIT ?[0m  [["id", 1], ["LIMIT", 1]]
Redirected to http://localhost:3000/
Filter chain halted as :require_no_authentication rendered or redirected
Completed 302 Found in 4ms (ActiveRecord: 0.4ms)


Started GET "/" for 127.0.0.1 at 2018-03-21 20:48:15 -0500
Processing by OverflowController#index as HTML
  Rendering overflow/index.html.erb within layouts/application
  Rendered overflow/index.html.erb within layouts/application (0.5ms)
Completed 200 OK in 67ms (Views: 64.8ms | ActiveRecord: 0.0ms)


Started GET "/users/sign_up" for 127.0.0.1 at 2018-03-21 20:48:18 -0500
Processing by Devise::RegistrationsController#new as HTML
  [1m[36mUser Load (0.4ms)[0m  [1m[34mSELECT  "users".* FROM "users" WHERE "users"."id" = ? ORDER BY "users"."id" ASC LIMIT ?[0m  [["id", 1], ["LIMIT", 1]]
Redirected to http://localhost:3000/
Filter chain halted as :require_no_authentication rendered or redirected
Completed 302 Found in 4ms (ActiveRecord: 0.4ms)


Started GET "/" for 127.0.0.1 at 2018-03-21 20:48:18 -0500
Processing by OverflowController#index as HTML
  Rendering overflow/index.html.erb within layouts/application
  Rendered overflow/index.html.erb within layouts/application (2.9ms)
Completed 200 OK in 72ms (Views: 69.7ms | ActiveRecord: 0.0ms)


Started GET "/" for 127.0.0.1 at 2018-03-21 20:48:19 -0500
Processing by OverflowController#index as HTML
  Rendering overflow/index.html.erb within layouts/application
  Rendered overflow/index.html.erb within layouts/application (0.6ms)
Completed 200 OK in 74ms (Views: 72.1ms | ActiveRecord: 0.0ms)


Started GET "/" for 127.0.0.1 at 2018-03-21 20:48:21 -0500
Processing by OverflowController#index as HTML
  Rendering overflow/index.html.erb within layouts/application
  Rendered overflow/index.html.erb within layouts/application (0.6ms)
Completed 200 OK in 72ms (Views: 69.3ms | ActiveRecord: 0.0ms)


Started GET "/users/sign_up" for 127.0.0.1 at 2018-03-21 20:48:22 -0500
Processing by Devise::RegistrationsController#new as HTML
  [1m[36mUser Load (0.4ms)[0m  [1m[34mSELECT  "users".* FROM "users" WHERE "users"."id" = ? ORDER BY "users"."id" ASC LIMIT ?[0m  [["id", 1], ["LIMIT", 1]]
Redirected to http://localhost:3000/
Filter chain halted as :require_no_authentication rendered or redirected
Completed 302 Found in 4ms (ActiveRecord: 0.4ms)


Started GET "/" for 127.0.0.1 at 2018-03-21 20:48:22 -0500
Processing by OverflowController#index as HTML
  Rendering overflow/index.html.erb within layouts/application
  Rendered overflow/index.html.erb within layouts/application (0.6ms)
Completed 200 OK in 63ms (Views: 62.0ms | ActiveRecord: 0.0ms)


Started GET "/" for 127.0.0.1 at 2018-03-21 20:49:15 -0500
  [1m[35m (0.2ms)[0m  [1m[34mSELECT "schema_migrations"."version" FROM "schema_migrations" ORDER BY "schema_migrations"."version" ASC[0m
Processing by OverflowController#index as HTML
  Rendering overflow/index.html.erb within layouts/application
  Rendered overflow/index.html.erb within layouts/application (1.4ms)
Completed 200 OK in 366ms (Views: 354.0ms | ActiveRecord: 0.0ms)


Started GET "/users/sign_up" for 127.0.0.1 at 2018-03-21 20:49:20 -0500
Processing by Devise::RegistrationsController#new as HTML
  [1m[36mUser Load (1.6ms)[0m  [1m[34mSELECT  "users".* FROM "users" WHERE "users"."id" = ? ORDER BY "users"."id" ASC LIMIT ?[0m  [["id", 1], ["LIMIT", 1]]
Redirected to http://localhost:3000/
Filter chain halted as :require_no_authentication rendered or redirected
Completed 302 Found in 65ms (ActiveRecord: 3.1ms)


Started GET "/" for 127.0.0.1 at 2018-03-21 20:49:20 -0500
Processing by OverflowController#index as HTML
  Rendering overflow/index.html.erb within layouts/application
  Rendered overflow/index.html.erb within layouts/application (0.6ms)
Completed 200 OK in 89ms (Views: 86.0ms | ActiveRecord: 0.0ms)


Started GET "/users/sign_up" for 127.0.0.1 at 2018-03-21 20:49:21 -0500
Processing by Devise::RegistrationsController#new as HTML
  [1m[36mUser Load (0.4ms)[0m  [1m[34mSELECT  "users".* FROM "users" WHERE "users"."id" = ? ORDER BY "users"."id" ASC LIMIT ?[0m  [["id", 1], ["LIMIT", 1]]
Redirected to http://localhost:3000/
Filter chain halted as :require_no_authentication rendered or redirected
Completed 302 Found in 4ms (ActiveRecord: 0.4ms)


Started GET "/" for 127.0.0.1 at 2018-03-21 20:49:21 -0500
Processing by OverflowController#index as HTML
  Rendering overflow/index.html.erb within layouts/application
  Rendered overflow/index.html.erb within layouts/application (0.9ms)
Completed 200 OK in 87ms (Views: 85.0ms | ActiveRecord: 0.0ms)


Started GET "/" for 127.0.0.1 at 2018-03-21 20:51:39 -0500
  [1m[35m (0.2ms)[0m  [1m[34mSELECT "schema_migrations"."version" FROM "schema_migrations" ORDER BY "schema_migrations"."version" ASC[0m
Processing by OverflowController#index as HTML
  Rendering overflow/index.html.erb within layouts/application
  Rendered overflow/index.html.erb within layouts/application (1.4ms)
Completed 200 OK in 375ms (Views: 357.7ms | ActiveRecord: 0.0ms)


Started DELETE "/users/sign_out" for 127.0.0.1 at 2018-03-21 20:51:41 -0500
Processing by Devise::SessionsController#destroy as HTML
  Parameters: {"authenticity_token"=>"4daLO2/wMhDTXZDazmrKa7yIzVicERY6NYEkpwCE/JetL4r1vDA1xYQK0QXzN7fYtsqgBKlNXCzGKFK7czSgfg=="}
  [1m[36mUser Load (0.3ms)[0m  [1m[34mSELECT  "users".* FROM "users" WHERE "users"."id" = ? ORDER BY "users"."id" ASC LIMIT ?[0m  [["id", 1], ["LIMIT", 1]]
  [1m[35m (0.1ms)[0m  [1m[36mbegin transaction[0m
  [1m[35m (0.1ms)[0m  [1m[36mcommit transaction[0m
Redirected to http://localhost:3000/
Completed 302 Found in 78ms (ActiveRecord: 2.9ms)


Started GET "/" for 127.0.0.1 at 2018-03-21 20:51:41 -0500
Processing by OverflowController#index as HTML
  Rendering overflow/index.html.erb within layouts/application
  Rendered overflow/index.html.erb within layouts/application (0.5ms)
Completed 200 OK in 99ms (Views: 96.7ms | ActiveRecord: 0.0ms)


Started DELETE "/users/sign_out" for 127.0.0.1 at 2018-03-21 20:51:43 -0500
Processing by Devise::SessionsController#destroy as HTML
  Parameters: {"authenticity_token"=>"v+uZiZQpgZDP7IuPNGCar5NRz9qppoFPw/FSrMb26t1AJ4ZEqcGIj/Mz06ZwG59VU/FDEvV++PqomfhFsVfbag=="}
Redirected to http://localhost:3000/
Filter chain halted as :verify_signed_out_user rendered or redirected
Completed 302 Found in 2ms (ActiveRecord: 0.0ms)


Started GET "/" for 127.0.0.1 at 2018-03-21 20:51:43 -0500
Processing by OverflowController#index as HTML
  Rendering overflow/index.html.erb within layouts/application
  Rendered overflow/index.html.erb within layouts/application (0.7ms)
Completed 200 OK in 92ms (Views: 90.3ms | ActiveRecord: 0.0ms)


Started GET "/users/sign_up" for 127.0.0.1 at 2018-03-21 20:51:45 -0500
Processing by Devise::RegistrationsController#new as HTML
  Rendering devise/registrations/new.html.erb within layouts/application
  Rendered devise/shared/_links.html.erb (1.3ms)
  Rendered devise/registrations/new.html.erb within layouts/application (17.4ms)
Completed 200 OK in 88ms (Views: 79.2ms | ActiveRecord: 0.0ms)


Started GET "/users/sign_up" for 127.0.0.1 at 2018-03-21 20:54:07 -0500
  [1m[35m (0.2ms)[0m  [1m[34mSELECT "schema_migrations"."version" FROM "schema_migrations" ORDER BY "schema_migrations"."version" ASC[0m
Processing by Devise::RegistrationsController#new as HTML
  Rendering devise/registrations/new.html.erb within layouts/application
  Rendered devise/shared/_links.html.erb (1.4ms)
  Rendered devise/registrations/new.html.erb within layouts/application (25.5ms)
Completed 500 Internal Server Error in 852ms (ActiveRecord: 1.1ms)


  
ActionView::Template::Error (undefined method `user_sign_in?' for #<#<Class:0x00000004e1cb30>:0x00000004e0cb90>
Did you mean?  user_signed_in?):
    24:     <div class="collapse navbar-collapse" id="bs-example-navbar-collapse-1">
    25:       <ul class="nav navbar-nav">
    26:         <li class="active"><a href="/users/sign_up">Registrarse<span class="sr-only">(current)</span></a></li>
    27:         <% user_sign_in? %>
    28:         <li><%= link_to "Salir", destroy_user_session_path, method: "delete" %></li>
    29:         <li class="dropdown">
    30:           <a href="#" class="dropdown-toggle" data-toggle="dropdown" role="button" aria-haspopup="true" aria-expanded="false">Dropdown <span class="caret"></span></a>
  
app/views/layouts/application.html.erb:27:in `_app_views_layouts_application_html_erb___1205760893793486962_40760520'
Started GET "/" for 127.0.0.1 at 2018-03-22 10:48:34 -0500
  [1m[35m (0.2ms)[0m  [1m[34mSELECT "schema_migrations"."version" FROM "schema_migrations" ORDER BY "schema_migrations"."version" ASC[0m
Processing by OverflowController#index as HTML
  Rendering overflow/index.html.erb within layouts/application
  Rendered overflow/index.html.erb within layouts/application (1.3ms)
Completed 200 OK in 479ms (Views: 465.1ms | ActiveRecord: 0.0ms)


Started GET "/" for 127.0.0.1 at 2018-03-22 20:29:48 -0500
  [1m[35m (0.2ms)[0m  [1m[34mSELECT "schema_migrations"."version" FROM "schema_migrations" ORDER BY "schema_migrations"."version" ASC[0m
Processing by OverflowController#index as HTML
  Rendering overflow/index.html.erb within layouts/application
  Rendered overflow/index.html.erb within layouts/application (6.3ms)
Completed 200 OK in 443ms (Views: 431.6ms | ActiveRecord: 0.0ms)


Started GET "/letter_opener" for 127.0.0.1 at 2018-03-22 20:29:57 -0500
  
ActionController::RoutingError (No route matches [GET] "/letter_opener"):
  
actionpack (5.1.5) lib/action_dispatch/middleware/debug_exceptions.rb:63:in `call'
web-console (3.5.1) lib/web_console/middleware.rb:135:in `call_app'
web-console (3.5.1) lib/web_console/middleware.rb:28:in `block in call'
web-console (3.5.1) lib/web_console/middleware.rb:18:in `catch'
web-console (3.5.1) lib/web_console/middleware.rb:18:in `call'
actionpack (5.1.5) lib/action_dispatch/middleware/show_exceptions.rb:31:in `call'
railties (5.1.5) lib/rails/rack/logger.rb:36:in `call_app'
railties (5.1.5) lib/rails/rack/logger.rb:24:in `block in call'
activesupport (5.1.5) lib/active_support/tagged_logging.rb:69:in `block in tagged'
activesupport (5.1.5) lib/active_support/tagged_logging.rb:26:in `tagged'
activesupport (5.1.5) lib/active_support/tagged_logging.rb:69:in `tagged'
railties (5.1.5) lib/rails/rack/logger.rb:24:in `call'
sprockets-rails (3.2.1) lib/sprockets/rails/quiet_assets.rb:13:in `call'
actionpack (5.1.5) lib/action_dispatch/middleware/remote_ip.rb:79:in `call'
actionpack (5.1.5) lib/action_dispatch/middleware/request_id.rb:25:in `call'
rack (2.0.4) lib/rack/method_override.rb:22:in `call'
rack (2.0.4) lib/rack/runtime.rb:22:in `call'
activesupport (5.1.5) lib/active_support/cache/strategy/local_cache_middleware.rb:27:in `call'
actionpack (5.1.5) lib/action_dispatch/middleware/executor.rb:12:in `call'
actionpack (5.1.5) lib/action_dispatch/middleware/static.rb:125:in `call'
rack (2.0.4) lib/rack/sendfile.rb:111:in `call'
railties (5.1.5) lib/rails/engine.rb:522:in `call'
puma (3.11.3) lib/puma/configuration.rb:225:in `call'
puma (3.11.3) lib/puma/server.rb:624:in `handle_request'
puma (3.11.3) lib/puma/server.rb:438:in `process_client'
puma (3.11.3) lib/puma/server.rb:302:in `block in run'
puma (3.11.3) lib/puma/thread_pool.rb:120:in `block in spawn_thread'
Started GET "/users/sign_up" for 127.0.0.1 at 2018-03-22 20:30:07 -0500
Processing by Devise::RegistrationsController#new as HTML
  Rendering devise/registrations/new.html.erb within layouts/application
  Rendered devise/shared/_links.html.erb (3.0ms)
  Rendered devise/registrations/new.html.erb within layouts/application (45.7ms)
Completed 200 OK in 188ms (Views: 142.9ms | ActiveRecord: 2.2ms)


Started POST "/users" for 127.0.0.1 at 2018-03-22 20:30:17 -0500
Processing by Devise::RegistrationsController#create as HTML
  Parameters: {"utf8"=>"✓", "authenticity_token"=>"AlLmvYE/EOUwlyxktESPTF714YlkYc49c1NN/jDzQxVSIIXh16PJ0utL3RDe1mc00YOEsC8CqcV0HefiieAbZA==", "user"=>{"email"=>"capaisa12@hotmail.com", "password"=>"[FILTERED]", "password_confirmation"=>"[FILTERED]"}, "commit"=>"Sign up"}
  [1m[35m (0.1ms)[0m  [1m[36mbegin transaction[0m
  [1m[36mUser Exists (0.3ms)[0m  [1m[34mSELECT  1 AS one FROM "users" WHERE "users"."email" = ? LIMIT ?[0m  [["email", "capaisa12@hotmail.com"], ["LIMIT", 1]]
  [1m[35m (0.1ms)[0m  [1m[31mrollback transaction[0m
  Rendering devise/registrations/new.html.erb within layouts/application
  Rendered devise/shared/_links.html.erb (2.2ms)
  Rendered devise/registrations/new.html.erb within layouts/application (8.8ms)
Completed 200 OK in 467ms (Views: 71.3ms | ActiveRecord: 0.5ms)


Started POST "/users" for 127.0.0.1 at 2018-03-22 20:30:31 -0500
Processing by Devise::RegistrationsController#create as HTML
  Parameters: {"utf8"=>"✓", "authenticity_token"=>"/XAc5XIBoa2HqId1VoQI262nvdXy+BAJPQ2og22tqKECvAMoT+mosrt331wS/w0hbQcxHa4gabxWZQJqGgyZFg==", "user"=>{"email"=>"capaisa12@gmail.com", "password"=>"[FILTERED]", "password_confirmation"=>"[FILTERED]"}, "commit"=>"Sign up"}
  [1m[35m (0.2ms)[0m  [1m[36mbegin transaction[0m
  [1m[36mUser Exists (0.2ms)[0m  [1m[34mSELECT  1 AS one FROM "users" WHERE "users"."email" = ? LIMIT ?[0m  [["email", "capaisa12@gmail.com"], ["LIMIT", 1]]
  [1m[35mSQL (1.9ms)[0m  [1m[32mINSERT INTO "users" ("email", "encrypted_password", "created_at", "updated_at") VALUES (?, ?, ?, ?)[0m  [["email", "capaisa12@gmail.com"], ["encrypted_password", "$2a$11$cmOzQatMWcrVRx6pmFtBH..WX5nHmXaL5TlvMRR8nsw5D7iDbpJli"], ["created_at", "2018-03-23 01:30:31.649568"], ["updated_at", "2018-03-23 01:30:31.649568"]]
  Rendering user_mailer/welcome_email.html.erb within layouts/mailer
  Rendered user_mailer/welcome_email.html.erb within layouts/mailer (9.4ms)
UserMailer#welcome_email: processed outbound mail in 18.1ms
  [1m[35m (3.3ms)[0m  [1m[31mrollback transaction[0m
Completed 500 Internal Server Error in 595ms (ActiveRecord: 5.6ms)


  
ActionView::Template::Error (undefined method `name' for #<User:0x007f060a2b95a0>):
    1: <h1>Bienvenido a mi sitio <%= @user.name %></h1>
  
app/views/user_mailer/welcome_email.html.erb:1:in `_app_views_user_mailer_welcome_email_html_erb___613947532980406343_25662560'
app/mailers/user_mailer.rb:4:in `welcome_email'
app/models/user.rb:13:in `send_email'
Started POST "/users" for 127.0.0.1 at 2018-03-22 20:32:43 -0500
  [1m[35m (0.2ms)[0m  [1m[34mSELECT "schema_migrations"."version" FROM "schema_migrations" ORDER BY "schema_migrations"."version" ASC[0m
Processing by Devise::RegistrationsController#create as HTML
  Parameters: {"utf8"=>"✓", "authenticity_token"=>"/XAc5XIBoa2HqId1VoQI262nvdXy+BAJPQ2og22tqKECvAMoT+mosrt331wS/w0hbQcxHa4gabxWZQJqGgyZFg==", "user"=>{"email"=>"capaisa12@gmail.com", "password"=>"[FILTERED]", "password_confirmation"=>"[FILTERED]"}, "commit"=>"Sign up"}
  [1m[35m (0.1ms)[0m  [1m[36mbegin transaction[0m
  [1m[36mUser Exists (0.3ms)[0m  [1m[34mSELECT  1 AS one FROM "users" WHERE "users"."email" = ? LIMIT ?[0m  [["email", "capaisa12@gmail.com"], ["LIMIT", 1]]
  [1m[35mSQL (0.4ms)[0m  [1m[32mINSERT INTO "users" ("email", "encrypted_password", "created_at", "updated_at") VALUES (?, ?, ?, ?)[0m  [["email", "capaisa12@gmail.com"], ["encrypted_password", "$2a$11$7hOc9QJmT2CPk4zYk15pie5ub/LgMCQo90PnBZXe3SIk9exAZ2Wr6"], ["created_at", "2018-03-23 01:32:43.734221"], ["updated_at", "2018-03-23 01:32:43.734221"]]
  Rendering user_mailer/welcome_email.html.erb within layouts/mailer
  Rendered user_mailer/welcome_email.html.erb within layouts/mailer (1.6ms)
UserMailer#welcome_email: processed outbound mail in 354.5ms
Sent mail to capaisa12@gmail.com (44.9ms)
Date: Thu, 22 Mar 2018 20:32:44 -0500
From: from@example.com
To: capaisa12@gmail.com
Message-ID: <5ab4593c4956b_4cd011c8b7086483@carlos-Inspiron-3437.mail>
Subject: Bienvenido a mi super sitio!
Mime-Version: 1.0
Content-Type: text/html;
 charset=UTF-8
Content-Transfer-Encoding: 7bit

<!DOCTYPE html>
<html>
  <head>
    <meta http-equiv="Content-Type" content="text/html; charset=utf-8" />
    <style>
      /* Email styles need to be inline */
    </style>
  </head>

  <body>
    <h1>Bienvenido a mi sitio capaisa12@gmail.com</h1>

  </body>
</html>

  [1m[35m (221.8ms)[0m  [1m[36mcommit transaction[0m
  [1m[35m (0.2ms)[0m  [1m[36mbegin transaction[0m
  [1m[35mSQL (1.3ms)[0m  [1m[33mUPDATE "users" SET "sign_in_count" = ?, "current_sign_in_at" = ?, "last_sign_in_at" = ?, "current_sign_in_ip" = ?, "last_sign_in_ip" = ?, "updated_at" = ? WHERE "users"."id" = ?[0m  [["sign_in_count", 1], ["current_sign_in_at", "2018-03-23 01:32:44.579264"], ["last_sign_in_at", "2018-03-23 01:32:44.579264"], ["current_sign_in_ip", "127.0.0.1"], ["last_sign_in_ip", "127.0.0.1"], ["updated_at", "2018-03-23 01:32:44.581436"], ["id", 2]]
  [1m[35m (343.9ms)[0m  [1m[36mcommit transaction[0m
Redirected to http://localhost:3000/
Completed 302 Found in 1497ms (ActiveRecord: 569.0ms)


Started GET "/" for 127.0.0.1 at 2018-03-22 20:32:44 -0500
Processing by OverflowController#index as HTML
  Rendering overflow/index.html.erb within layouts/application
  Rendered overflow/index.html.erb within layouts/application (0.8ms)
Completed 200 OK in 379ms (Views: 376.7ms | ActiveRecord: 0.0ms)


Started GET "/users" for 127.0.0.1 at 2018-03-22 20:32:45 -0500
  
ActionController::RoutingError (No route matches [GET] "/users"):
  
actionpack (5.1.5) lib/action_dispatch/middleware/debug_exceptions.rb:63:in `call'
web-console (3.5.1) lib/web_console/middleware.rb:135:in `call_app'
web-console (3.5.1) lib/web_console/middleware.rb:28:in `block in call'
web-console (3.5.1) lib/web_console/middleware.rb:18:in `catch'
web-console (3.5.1) lib/web_console/middleware.rb:18:in `call'
actionpack (5.1.5) lib/action_dispatch/middleware/show_exceptions.rb:31:in `call'
railties (5.1.5) lib/rails/rack/logger.rb:36:in `call_app'
railties (5.1.5) lib/rails/rack/logger.rb:24:in `block in call'
activesupport (5.1.5) lib/active_support/tagged_logging.rb:69:in `block in tagged'
activesupport (5.1.5) lib/active_support/tagged_logging.rb:26:in `tagged'
activesupport (5.1.5) lib/active_support/tagged_logging.rb:69:in `tagged'
railties (5.1.5) lib/rails/rack/logger.rb:24:in `call'
sprockets-rails (3.2.1) lib/sprockets/rails/quiet_assets.rb:13:in `call'
actionpack (5.1.5) lib/action_dispatch/middleware/remote_ip.rb:79:in `call'
actionpack (5.1.5) lib/action_dispatch/middleware/request_id.rb:25:in `call'
rack (2.0.4) lib/rack/method_override.rb:22:in `call'
rack (2.0.4) lib/rack/runtime.rb:22:in `call'
activesupport (5.1.5) lib/active_support/cache/strategy/local_cache_middleware.rb:27:in `call'
actionpack (5.1.5) lib/action_dispatch/middleware/executor.rb:12:in `call'
actionpack (5.1.5) lib/action_dispatch/middleware/static.rb:125:in `call'
rack (2.0.4) lib/rack/sendfile.rb:111:in `call'
railties (5.1.5) lib/rails/engine.rb:522:in `call'
puma (3.11.3) lib/puma/configuration.rb:225:in `call'
puma (3.11.3) lib/puma/server.rb:624:in `handle_request'
puma (3.11.3) lib/puma/server.rb:438:in `process_client'
puma (3.11.3) lib/puma/server.rb:302:in `block in run'
puma (3.11.3) lib/puma/thread_pool.rb:120:in `block in spawn_thread'
